<?xml version="1.0" encoding="utf-8"?>
<!DOCTYPE coverage SYSTEM "http://cobertura.sourceforge.net/xml/coverage-04.dtd">
<coverage line-rate="0.21794871794871795" branch-rate="0.06716417910447761" lines-covered="170" lines-valid="780" branches-covered="9" branches-valid="134" complexity="245" version="0" timestamp="1636041178">
  <sources>
    <source>C:\Users\NewportG\source\Azure\FunctionMonkey\FMLottery\</source>
  </sources>
  <packages>
    <package name="FMLottery.Camalot" line-rate="0.7263157894736842" branch-rate="0.5" complexity="20">
      <classes>
        <class name="FMLottery.Camalot.Bootstrapper" filename="C:\Users\NewportG\source\Azure\FunctionMonkey\FMLottery\FMLottery.Camalot\Bootstrapper.cs" line-rate="0.75" branch-rate="0.5" complexity="2">
          <methods>
            <method name="AddCamalotServices" signature="(...)" line-rate="0.75" branch-rate="0.5" complexity="2">
              <lines>
                <line number="11" hits="1" branch="false" />
                <line number="12" hits="1" branch="true" condition-coverage="50% (1/2)" />
                <line number="13" hits="0" branch="false" />
                <line number="14" hits="0" branch="false" />
                <line number="17" hits="1" branch="false" />
                <line number="18" hits="1" branch="false" />
                <line number="20" hits="1" branch="false" />
                <line number="21" hits="1" branch="false" />
              </lines>
            </method>
          </methods>
          <lines>
            <line number="11" hits="1" branch="false" />
            <line number="12" hits="1" branch="true" condition-coverage="50% (1/2)" />
            <line number="13" hits="0" branch="false" />
            <line number="14" hits="0" branch="false" />
            <line number="17" hits="1" branch="false" />
            <line number="18" hits="1" branch="false" />
            <line number="20" hits="1" branch="false" />
            <line number="21" hits="1" branch="false" />
          </lines>
        </class>
        <class name="FMLottery.Camalot.DrawHistory" filename="C:\Users\NewportG\source\Azure\FunctionMonkey\FMLottery\FMLottery.Camalot\DrawHistory.cs" line-rate="0.4523809523809524" branch-rate="1" complexity="3">
          <methods>
            <method name="ThunderBall" signature="()" line-rate="0.7222222222222222" branch-rate="1" complexity="1">
              <lines>
                <line number="30" hits="1" branch="false" />
                <line number="32" hits="1" branch="false" />
                <line number="33" hits="1" branch="false" />
                <line number="35" hits="1" branch="false" />
                <line number="36" hits="1" branch="false" />
                <line number="38" hits="1" branch="false" />
                <line number="40" hits="1" branch="false" />
                <line number="41" hits="1" branch="false" />
                <line number="42" hits="1" branch="false" />
                <line number="43" hits="1" branch="false" />
                <line number="45" hits="1" branch="false" />
                <line number="46" hits="1" branch="false" />
                <line number="48" hits="0" branch="false" />
                <line number="49" hits="0" branch="false" />
                <line number="50" hits="0" branch="false" />
                <line number="51" hits="0" branch="false" />
                <line number="53" hits="0" branch="false" />
                <line number="54" hits="1" branch="false" />
              </lines>
            </method>
            <method name="Lotto" signature="()" line-rate="0" branch-rate="1" complexity="1">
              <lines>
                <line number="56" hits="0" branch="false" />
                <line number="58" hits="0" branch="false" />
                <line number="59" hits="0" branch="false" />
                <line number="61" hits="0" branch="false" />
                <line number="62" hits="0" branch="false" />
                <line number="64" hits="0" branch="false" />
                <line number="66" hits="0" branch="false" />
                <line number="67" hits="0" branch="false" />
                <line number="68" hits="0" branch="false" />
                <line number="69" hits="0" branch="false" />
                <line number="71" hits="0" branch="false" />
                <line number="72" hits="0" branch="false" />
                <line number="74" hits="0" branch="false" />
                <line number="75" hits="0" branch="false" />
                <line number="76" hits="0" branch="false" />
                <line number="77" hits="0" branch="false" />
                <line number="79" hits="0" branch="false" />
                <line number="80" hits="0" branch="false" />
              </lines>
            </method>
            <method name=".ctor" signature="(...)" line-rate="1" branch-rate="1" complexity="1">
              <lines>
                <line number="21" hits="1" branch="false" />
                <line number="22" hits="1" branch="false" />
                <line number="23" hits="1" branch="false" />
                <line number="24" hits="1" branch="false" />
                <line number="26" hits="1" branch="false" />
                <line number="27" hits="1" branch="false" />
              </lines>
            </method>
          </methods>
          <lines>
            <line number="21" hits="1" branch="false" />
            <line number="22" hits="1" branch="false" />
            <line number="23" hits="1" branch="false" />
            <line number="24" hits="1" branch="false" />
            <line number="26" hits="1" branch="false" />
            <line number="27" hits="1" branch="false" />
            <line number="30" hits="1" branch="false" />
            <line number="32" hits="1" branch="false" />
            <line number="33" hits="1" branch="false" />
            <line number="35" hits="1" branch="false" />
            <line number="36" hits="1" branch="false" />
            <line number="38" hits="1" branch="false" />
            <line number="40" hits="1" branch="false" />
            <line number="41" hits="1" branch="false" />
            <line number="42" hits="1" branch="false" />
            <line number="43" hits="1" branch="false" />
            <line number="45" hits="1" branch="false" />
            <line number="46" hits="1" branch="false" />
            <line number="48" hits="0" branch="false" />
            <line number="49" hits="0" branch="false" />
            <line number="50" hits="0" branch="false" />
            <line number="51" hits="0" branch="false" />
            <line number="53" hits="0" branch="false" />
            <line number="54" hits="1" branch="false" />
            <line number="56" hits="0" branch="false" />
            <line number="58" hits="0" branch="false" />
            <line number="59" hits="0" branch="false" />
            <line number="61" hits="0" branch="false" />
            <line number="62" hits="0" branch="false" />
            <line number="64" hits="0" branch="false" />
            <line number="66" hits="0" branch="false" />
            <line number="67" hits="0" branch="false" />
            <line number="68" hits="0" branch="false" />
            <line number="69" hits="0" branch="false" />
            <line number="71" hits="0" branch="false" />
            <line number="72" hits="0" branch="false" />
            <line number="74" hits="0" branch="false" />
            <line number="75" hits="0" branch="false" />
            <line number="76" hits="0" branch="false" />
            <line number="77" hits="0" branch="false" />
            <line number="79" hits="0" branch="false" />
            <line number="80" hits="0" branch="false" />
          </lines>
        </class>
        <class name="FMLottery.Camalot.Mapping.ToLotteryDto" filename="C:\Users\NewportG\source\Azure\FunctionMonkey\FMLottery\FMLottery.Camalot\Mapping\ToLotteryDto.cs" line-rate="0.9714285714285714" branch-rate="0.5" complexity="5">
          <methods>
            <method name="DrawDate" signature="(...)" line-rate="0.8" branch-rate="0.5" complexity="2">
              <lines>
                <line number="30" hits="103" branch="false" />
                <line number="31" hits="103" branch="true" condition-coverage="50% (1/2)" />
                <line number="32" hits="0" branch="false" />
                <line number="33" hits="103" branch="false" />
                <line number="34" hits="103" branch="false" />
              </lines>
            </method>
            <method name="Balls" signature="(...)" line-rate="1" branch-rate="1" complexity="1">
              <lines>
                <line number="36" hits="103" branch="false" />
                <line number="37" hits="103" branch="false" />
                <line number="38" hits="103" branch="false" />
                <line number="39" hits="103" branch="false" />
                <line number="40" hits="103" branch="false" />
                <line number="41" hits="103" branch="false" />
                <line number="42" hits="103" branch="false" />
                <line number="43" hits="103" branch="false" />
                <line number="44" hits="103" branch="false" />
                <line number="46" hits="103" branch="false" />
                <line number="47" hits="103" branch="false" />
                <line number="48" hits="103" branch="false" />
              </lines>
            </method>
            <method name="BonusBall" signature="(...)" line-rate="1" branch-rate="1" complexity="1">
              <lines>
                <line number="50" hits="103" branch="false" />
                <line number="51" hits="103" branch="false" />
                <line number="52" hits="103" branch="false" />
                <line number="53" hits="103" branch="false" />
                <line number="54" hits="103" branch="false" />
                <line number="55" hits="103" branch="false" />
                <line number="56" hits="103" branch="false" />
              </lines>
            </method>
            <method name=".ctor" signature="()" line-rate="1" branch-rate="1" complexity="1">
              <lines>
                <line number="15" hits="1" branch="false" />
                <line number="16" hits="1" branch="false" />
                <line number="17" hits="1" branch="false" />
                <line number="19" hits="1" branch="false" />
                <line number="20" hits="1" branch="false" />
                <line number="21" hits="1" branch="false" />
                <line number="22" hits="1" branch="false" />
                <line number="23" hits="1" branch="false" />
                <line number="24" hits="1" branch="false" />
                <line number="25" hits="2" branch="false" />
                <line number="26" hits="1" branch="false" />
              </lines>
            </method>
          </methods>
          <lines>
            <line number="15" hits="1" branch="false" />
            <line number="16" hits="1" branch="false" />
            <line number="17" hits="1" branch="false" />
            <line number="19" hits="1" branch="false" />
            <line number="20" hits="1" branch="false" />
            <line number="21" hits="1" branch="false" />
            <line number="22" hits="1" branch="false" />
            <line number="23" hits="1" branch="false" />
            <line number="24" hits="1" branch="false" />
            <line number="25" hits="2" branch="false" />
            <line number="26" hits="1" branch="false" />
            <line number="30" hits="103" branch="false" />
            <line number="31" hits="103" branch="true" condition-coverage="50% (1/2)" />
            <line number="32" hits="0" branch="false" />
            <line number="33" hits="103" branch="false" />
            <line number="34" hits="103" branch="false" />
            <line number="36" hits="103" branch="false" />
            <line number="37" hits="103" branch="false" />
            <line number="38" hits="103" branch="false" />
            <line number="39" hits="103" branch="false" />
            <line number="40" hits="103" branch="false" />
            <line number="41" hits="103" branch="false" />
            <line number="42" hits="103" branch="false" />
            <line number="43" hits="103" branch="false" />
            <line number="44" hits="103" branch="false" />
            <line number="46" hits="103" branch="false" />
            <line number="47" hits="103" branch="false" />
            <line number="48" hits="103" branch="false" />
            <line number="50" hits="103" branch="false" />
            <line number="51" hits="103" branch="false" />
            <line number="52" hits="103" branch="false" />
            <line number="53" hits="103" branch="false" />
            <line number="54" hits="103" branch="false" />
            <line number="55" hits="103" branch="false" />
            <line number="56" hits="103" branch="false" />
          </lines>
        </class>
        <class name="FMLottery.Camalot.Models.ThunderBallEntity" filename="C:\Users\NewportG\source\Azure\FunctionMonkey\FMLottery\FMLottery.Camalot\Models\ThunderBallEntity.cs" line-rate="1" branch-rate="1" complexity="10">
          <methods>
            <method name="get_DrawNumber" signature="()" line-rate="1" branch-rate="1" complexity="1">
              <lines>
                <line number="8" hits="206" branch="false" />
              </lines>
            </method>
            <method name="get_DrawDate" signature="()" line-rate="1" branch-rate="1" complexity="1">
              <lines>
                <line number="11" hits="309" branch="false" />
              </lines>
            </method>
            <method name="get_Ball1" signature="()" line-rate="1" branch-rate="1" complexity="1">
              <lines>
                <line number="14" hits="206" branch="false" />
              </lines>
            </method>
            <method name="get_Ball2" signature="()" line-rate="1" branch-rate="1" complexity="1">
              <lines>
                <line number="17" hits="206" branch="false" />
              </lines>
            </method>
            <method name="get_Ball3" signature="()" line-rate="1" branch-rate="1" complexity="1">
              <lines>
                <line number="20" hits="206" branch="false" />
              </lines>
            </method>
            <method name="get_Ball4" signature="()" line-rate="1" branch-rate="1" complexity="1">
              <lines>
                <line number="23" hits="206" branch="false" />
              </lines>
            </method>
            <method name="get_Ball5" signature="()" line-rate="1" branch-rate="1" complexity="1">
              <lines>
                <line number="26" hits="206" branch="false" />
              </lines>
            </method>
            <method name="get_Thunderball" signature="()" line-rate="1" branch-rate="1" complexity="1">
              <lines>
                <line number="29" hits="206" branch="false" />
              </lines>
            </method>
            <method name="get_BallSet" signature="()" line-rate="1" branch-rate="1" complexity="1">
              <lines>
                <line number="32" hits="206" branch="false" />
              </lines>
            </method>
            <method name="get_Machine" signature="()" line-rate="1" branch-rate="1" complexity="1">
              <lines>
                <line number="35" hits="206" branch="false" />
              </lines>
            </method>
          </methods>
          <lines>
            <line number="8" hits="206" branch="false" />
            <line number="11" hits="309" branch="false" />
            <line number="14" hits="206" branch="false" />
            <line number="17" hits="206" branch="false" />
            <line number="20" hits="206" branch="false" />
            <line number="23" hits="206" branch="false" />
            <line number="26" hits="206" branch="false" />
            <line number="29" hits="206" branch="false" />
            <line number="32" hits="206" branch="false" />
            <line number="35" hits="206" branch="false" />
          </lines>
        </class>
      </classes>
    </package>
    <package name="FMLottery.Core" line-rate="0.14744525547445256" branch-rate="0.05384615384615385" complexity="225">
      <classes>
        <class name="FMLottery.Common.Behaviours.RequestLogger`1" filename="C:\Users\NewportG\source\Azure\FunctionMonkey\FMLottery\FMLottery.Core\Common\Behaviours\RequestLogger.cs" line-rate="0" branch-rate="1" complexity="2">
          <methods>
            <method name="Process" signature="(...)" line-rate="0" branch-rate="1" complexity="1">
              <lines>
                <line number="21" hits="0" branch="false" />
                <line number="22" hits="0" branch="false" />
                <line number="26" hits="0" branch="false" />
                <line number="27" hits="0" branch="false" />
                <line number="29" hits="0" branch="false" />
                <line number="30" hits="0" branch="false" />
              </lines>
            </method>
            <method name=".ctor" signature="(...)" line-rate="0" branch-rate="1" complexity="1">
              <lines>
                <line number="14" hits="0" branch="false" />
                <line number="15" hits="0" branch="false" />
                <line number="16" hits="0" branch="false" />
                <line number="18" hits="0" branch="false" />
              </lines>
            </method>
          </methods>
          <lines>
            <line number="14" hits="0" branch="false" />
            <line number="15" hits="0" branch="false" />
            <line number="16" hits="0" branch="false" />
            <line number="18" hits="0" branch="false" />
            <line number="21" hits="0" branch="false" />
            <line number="22" hits="0" branch="false" />
            <line number="26" hits="0" branch="false" />
            <line number="27" hits="0" branch="false" />
            <line number="29" hits="0" branch="false" />
            <line number="30" hits="0" branch="false" />
          </lines>
        </class>
        <class name="FMLottery.Common.Behaviours.RequestPerformanceBehaviour`2" filename="C:\Users\NewportG\source\Azure\FunctionMonkey\FMLottery\FMLottery.Core\Common\Behaviours\RequestPerformanceBehaviour.cs" line-rate="0" branch-rate="0" complexity="3">
          <methods>
            <method name=".ctor" signature="(...)" line-rate="0" branch-rate="1" complexity="1">
              <lines>
                <line number="16" hits="0" branch="false" />
                <line number="17" hits="0" branch="false" />
                <line number="18" hits="0" branch="false" />
                <line number="20" hits="0" branch="false" />
                <line number="22" hits="0" branch="false" />
              </lines>
            </method>
            <method name="Handle" signature="()" line-rate="0" branch-rate="0" complexity="2">
              <lines>
                <line number="25" hits="0" branch="false" />
                <line number="26" hits="0" branch="false" />
                <line number="28" hits="0" branch="false" />
                <line number="30" hits="0" branch="false" />
                <line number="32" hits="0" branch="true" condition-coverage="0% (0/2)" />
                <line number="33" hits="0" branch="false" />
                <line number="34" hits="0" branch="false" />
                <line number="38" hits="0" branch="false" />
                <line number="39" hits="0" branch="false" />
                <line number="40" hits="0" branch="false" />
                <line number="42" hits="0" branch="false" />
                <line number="43" hits="0" branch="false" />
              </lines>
            </method>
          </methods>
          <lines>
            <line number="16" hits="0" branch="false" />
            <line number="17" hits="0" branch="false" />
            <line number="18" hits="0" branch="false" />
            <line number="20" hits="0" branch="false" />
            <line number="22" hits="0" branch="false" />
            <line number="25" hits="0" branch="false" />
            <line number="26" hits="0" branch="false" />
            <line number="28" hits="0" branch="false" />
            <line number="30" hits="0" branch="false" />
            <line number="32" hits="0" branch="true" condition-coverage="0% (0/2)" />
            <line number="33" hits="0" branch="false" />
            <line number="34" hits="0" branch="false" />
            <line number="38" hits="0" branch="false" />
            <line number="39" hits="0" branch="false" />
            <line number="40" hits="0" branch="false" />
            <line number="42" hits="0" branch="false" />
            <line number="43" hits="0" branch="false" />
          </lines>
        </class>
        <class name="FMLottery.Common.Behaviours.RequestValidationBehavior`2" filename="C:\Users\NewportG\source\Azure\FunctionMonkey\FMLottery\FMLottery.Core\Common\Behaviours\RequestValidationBehavior.cs" line-rate="0" branch-rate="0" complexity="7">
          <methods>
            <method name="Handle" signature="(...)" line-rate="0" branch-rate="0" complexity="6">
              <lines>
                <line number="22" hits="0" branch="false" />
                <line number="23" hits="0" branch="false" />
                <line number="25" hits="0" branch="true" condition-coverage="0% (0/4)" />
                <line number="26" hits="0" branch="false" />
                <line number="27" hits="0" branch="false" />
                <line number="28" hits="0" branch="false" />
                <line number="29" hits="0" branch="false" />
                <line number="31" hits="0" branch="true" condition-coverage="0% (0/2)" />
                <line number="32" hits="0" branch="false" />
                <line number="33" hits="0" branch="false" />
                <line number="36" hits="0" branch="false" />
                <line number="37" hits="0" branch="false" />
              </lines>
            </method>
            <method name=".ctor" signature="(...)" line-rate="0" branch-rate="1" complexity="1">
              <lines>
                <line number="16" hits="0" branch="false" />
                <line number="17" hits="0" branch="false" />
                <line number="18" hits="0" branch="false" />
                <line number="19" hits="0" branch="false" />
              </lines>
            </method>
          </methods>
          <lines>
            <line number="16" hits="0" branch="false" />
            <line number="17" hits="0" branch="false" />
            <line number="18" hits="0" branch="false" />
            <line number="19" hits="0" branch="false" />
            <line number="22" hits="0" branch="false" />
            <line number="23" hits="0" branch="false" />
            <line number="25" hits="0" branch="true" condition-coverage="0% (0/4)" />
            <line number="26" hits="0" branch="false" />
            <line number="27" hits="0" branch="false" />
            <line number="28" hits="0" branch="false" />
            <line number="29" hits="0" branch="false" />
            <line number="31" hits="0" branch="true" condition-coverage="0% (0/2)" />
            <line number="32" hits="0" branch="false" />
            <line number="33" hits="0" branch="false" />
            <line number="36" hits="0" branch="false" />
            <line number="37" hits="0" branch="false" />
          </lines>
        </class>
        <class name="FMLottery.Common.Exceptions.ValidationException" filename="C:\Users\NewportG\source\Azure\FunctionMonkey\FMLottery\FMLottery.Core\Common\Exceptions\ValidationException.cs" line-rate="0" branch-rate="0" complexity="4">
          <methods>
            <method name="get_Failures" signature="()" line-rate="0" branch-rate="1" complexity="1">
              <lines>
                <line number="32" hits="0" branch="false" />
              </lines>
            </method>
            <method name=".ctor" signature="()" line-rate="0" branch-rate="1" complexity="1">
              <lines>
                <line number="11" hits="0" branch="false" />
                <line number="12" hits="0" branch="false" />
                <line number="13" hits="0" branch="false" />
                <line number="14" hits="0" branch="false" />
              </lines>
            </method>
            <method name=".ctor" signature="(...)" line-rate="0" branch-rate="0" complexity="2">
              <lines>
                <line number="16" hits="0" branch="false" />
                <line number="17" hits="0" branch="false" />
                <line number="18" hits="0" branch="false" />
                <line number="19" hits="0" branch="false" />
                <line number="20" hits="0" branch="false" />
                <line number="22" hits="0" branch="true" condition-coverage="0% (0/2)" />
                <line number="23" hits="0" branch="false" />
                <line number="24" hits="0" branch="false" />
                <line number="25" hits="0" branch="false" />
                <line number="26" hits="0" branch="false" />
                <line number="27" hits="0" branch="false" />
                <line number="29" hits="0" branch="false" />
                <line number="30" hits="0" branch="false" />
                <line number="31" hits="0" branch="false" />
              </lines>
            </method>
          </methods>
          <lines>
            <line number="11" hits="0" branch="false" />
            <line number="12" hits="0" branch="false" />
            <line number="13" hits="0" branch="false" />
            <line number="14" hits="0" branch="false" />
            <line number="16" hits="0" branch="false" />
            <line number="17" hits="0" branch="false" />
            <line number="18" hits="0" branch="false" />
            <line number="19" hits="0" branch="false" />
            <line number="20" hits="0" branch="false" />
            <line number="22" hits="0" branch="true" condition-coverage="0% (0/2)" />
            <line number="23" hits="0" branch="false" />
            <line number="24" hits="0" branch="false" />
            <line number="25" hits="0" branch="false" />
            <line number="26" hits="0" branch="false" />
            <line number="27" hits="0" branch="false" />
            <line number="29" hits="0" branch="false" />
            <line number="30" hits="0" branch="false" />
            <line number="31" hits="0" branch="false" />
            <line number="32" hits="0" branch="false" />
          </lines>
        </class>
        <class name="FMLottery.Common.Mappings.IMapFrom`1" filename="C:\Users\NewportG\source\Azure\FunctionMonkey\FMLottery\FMLottery.Core\Common\Mappings\IMapFrom.cs" line-rate="0" branch-rate="1" complexity="1">
          <methods>
            <method name="Mapping" signature="(...)" line-rate="0" branch-rate="1" complexity="1">
              <lines>
                <line number="7" hits="0" branch="false" />
              </lines>
            </method>
          </methods>
          <lines>
            <line number="7" hits="0" branch="false" />
          </lines>
        </class>
        <class name="FMLottery.Common.Mappings.MappingProfile" filename="C:\Users\NewportG\source\Azure\FunctionMonkey\FMLottery\FMLottery.Core\Common\Mappings\MappingProfile.cs" line-rate="0.7058823529411765" branch-rate="0.5" complexity="7">
          <methods>
            <method name="ApplyMappingsFromAssembly" signature="(...)" line-rate="0.6153846153846154" branch-rate="0.5" complexity="6">
              <lines>
                <line number="17" hits="1" branch="false" />
                <line number="18" hits="1" branch="false" />
                <line number="19" hits="49" branch="false" />
                <line number="20" hits="97" branch="true" condition-coverage="100% (2/2)" />
                <line number="21" hits="1" branch="false" />
                <line number="24" hits="1" branch="false" />
                <line number="26" hits="3" branch="true" condition-coverage="50% (1/2)" />
                <line number="27" hits="0" branch="false" />
                <line number="28" hits="0" branch="false" />
                <line number="29" hits="0" branch="false" />
                <line number="30" hits="0" branch="true" condition-coverage="0% (0/2)" />
                <line number="31" hits="0" branch="false" />
                <line number="32" hits="1" branch="false" />
              </lines>
            </method>
            <method name=".ctor" signature="()" line-rate="1" branch-rate="1" complexity="1">
              <lines>
                <line number="11" hits="1" branch="false" />
                <line number="12" hits="1" branch="false" />
                <line number="13" hits="1" branch="false" />
                <line number="14" hits="1" branch="false" />
              </lines>
            </method>
          </methods>
          <lines>
            <line number="11" hits="1" branch="false" />
            <line number="12" hits="1" branch="false" />
            <line number="13" hits="1" branch="false" />
            <line number="14" hits="1" branch="false" />
            <line number="17" hits="1" branch="false" />
            <line number="18" hits="1" branch="false" />
            <line number="19" hits="49" branch="false" />
            <line number="20" hits="97" branch="true" condition-coverage="100% (2/2)" />
            <line number="21" hits="1" branch="false" />
            <line number="24" hits="1" branch="false" />
            <line number="26" hits="3" branch="true" condition-coverage="50% (1/2)" />
            <line number="27" hits="0" branch="false" />
            <line number="28" hits="0" branch="false" />
            <line number="29" hits="0" branch="false" />
            <line number="30" hits="0" branch="true" condition-coverage="0% (0/2)" />
            <line number="31" hits="0" branch="false" />
            <line number="32" hits="1" branch="false" />
          </lines>
        </class>
        <class name="FMLottery.Core.Bootstrapper" filename="C:\Users\NewportG\source\Azure\FunctionMonkey\FMLottery\FMLottery.Core\Bootstrapper.cs" line-rate="0" branch-rate="0" complexity="2">
          <methods>
            <method name="AddCoreServices" signature="(...)" line-rate="0" branch-rate="0" complexity="2">
              <lines>
                <line number="16" hits="0" branch="false" />
                <line number="17" hits="0" branch="true" condition-coverage="0% (0/2)" />
                <line number="18" hits="0" branch="false" />
                <line number="19" hits="0" branch="false" />
                <line number="22" hits="0" branch="false" />
                <line number="23" hits="0" branch="false" />
                <line number="26" hits="0" branch="false" />
                <line number="27" hits="0" branch="false" />
                <line number="28" hits="0" branch="false" />
                <line number="30" hits="0" branch="false" />
                <line number="31" hits="0" branch="false" />
              </lines>
            </method>
          </methods>
          <lines>
            <line number="16" hits="0" branch="false" />
            <line number="17" hits="0" branch="true" condition-coverage="0% (0/2)" />
            <line number="18" hits="0" branch="false" />
            <line number="19" hits="0" branch="false" />
            <line number="22" hits="0" branch="false" />
            <line number="23" hits="0" branch="false" />
            <line number="26" hits="0" branch="false" />
            <line number="27" hits="0" branch="false" />
            <line number="28" hits="0" branch="false" />
            <line number="30" hits="0" branch="false" />
            <line number="31" hits="0" branch="false" />
          </lines>
        </class>
        <class name="FMLottery.Core.Common.Mappings.AutoMapperProfile" filename="C:\Users\NewportG\source\Azure\FunctionMonkey\FMLottery\FMLottery.Core\Common\Mappings\AutoMapperProfile.cs" line-rate="1" branch-rate="1" complexity="4">
          <methods>
            <method name="AddMapProfiles" signature="(...)" line-rate="1" branch-rate="1" complexity="2">
              <lines>
                <line number="13" hits="1" branch="false" />
                <line number="14" hits="1" branch="false" />
                <line number="15" hits="1" branch="false" />
                <line number="16" hits="105" branch="false" />
                <line number="17" hits="1" branch="false" />
                <line number="19" hits="9" branch="true" condition-coverage="100% (2/2)" />
                <line number="20" hits="3" branch="false" />
                <line number="21" hits="1" branch="false" />
                <line number="23" hits="1" branch="false" />
                <line number="24" hits="1" branch="false" />
              </lines>
            </method>
            <method name="GetAssemblies" signature="()" line-rate="1" branch-rate="1" complexity="2">
              <lines>
                <line number="27" hits="3" branch="false" />
                <line number="28" hits="3" branch="false" />
                <line number="29" hits="3" branch="true" condition-coverage="100% (2/2)" />
                <line number="30" hits="3" branch="false" />
                <line number="31" hits="3" branch="false" />
                <line number="32" hits="3" branch="false" />
                <line number="33" hits="3" branch="false" />
              </lines>
            </method>
          </methods>
          <lines>
            <line number="13" hits="1" branch="false" />
            <line number="14" hits="1" branch="false" />
            <line number="15" hits="1" branch="false" />
            <line number="16" hits="105" branch="false" />
            <line number="17" hits="1" branch="false" />
            <line number="19" hits="9" branch="true" condition-coverage="100% (2/2)" />
            <line number="20" hits="3" branch="false" />
            <line number="21" hits="1" branch="false" />
            <line number="23" hits="1" branch="false" />
            <line number="24" hits="1" branch="false" />
            <line number="27" hits="3" branch="false" />
            <line number="28" hits="3" branch="false" />
            <line number="29" hits="3" branch="true" condition-coverage="100% (2/2)" />
            <line number="30" hits="3" branch="false" />
            <line number="31" hits="3" branch="false" />
            <line number="32" hits="3" branch="false" />
            <line number="33" hits="3" branch="false" />
          </lines>
        </class>
        <class name="FMLottery.Core.Common.Mappings.IMapTo`1" filename="C:\Users\NewportG\source\Azure\FunctionMonkey\FMLottery\FMLottery.Core\Common\Mappings\IMapTo.cs" line-rate="0" branch-rate="1" complexity="1">
          <methods>
            <method name="Mapping" signature="(...)" line-rate="0" branch-rate="1" complexity="1">
              <lines>
                <line number="7" hits="0" branch="false" />
              </lines>
            </method>
          </methods>
          <lines>
            <line number="7" hits="0" branch="false" />
          </lines>
        </class>
        <class name="FMLottery.Core.Handlers.ThunderBallAnalysisQueryHandler" filename="C:\Users\NewportG\source\Azure\FunctionMonkey\FMLottery\FMLottery.Core\Handlers\ThunderBallAnalysisQueryHandler.cs" line-rate="0" branch-rate="1" complexity="2">
          <methods>
            <method name="Handle" signature="(...)" line-rate="0" branch-rate="1" complexity="1">
              <lines>
                <line number="28" hits="0" branch="false" />
                <line number="29" hits="0" branch="false" />
                <line number="31" hits="0" branch="false" />
                <line number="32" hits="0" branch="false" />
                <line number="33" hits="0" branch="false" />
                <line number="34" hits="0" branch="false" />
                <line number="35" hits="0" branch="false" />
              </lines>
            </method>
            <method name=".ctor" signature="(...)" line-rate="0" branch-rate="1" complexity="1">
              <lines>
                <line number="19" hits="0" branch="false" />
                <line number="20" hits="0" branch="false" />
                <line number="21" hits="0" branch="false" />
                <line number="22" hits="0" branch="false" />
                <line number="23" hits="0" branch="false" />
                <line number="24" hits="0" branch="false" />
                <line number="25" hits="0" branch="false" />
              </lines>
            </method>
          </methods>
          <lines>
            <line number="19" hits="0" branch="false" />
            <line number="20" hits="0" branch="false" />
            <line number="21" hits="0" branch="false" />
            <line number="22" hits="0" branch="false" />
            <line number="23" hits="0" branch="false" />
            <line number="24" hits="0" branch="false" />
            <line number="25" hits="0" branch="false" />
            <line number="28" hits="0" branch="false" />
            <line number="29" hits="0" branch="false" />
            <line number="31" hits="0" branch="false" />
            <line number="32" hits="0" branch="false" />
            <line number="33" hits="0" branch="false" />
            <line number="34" hits="0" branch="false" />
            <line number="35" hits="0" branch="false" />
          </lines>
        </class>
        <class name="FMLottery.Core.Handlers.ThunderBallDrawUpdateCommandHandler" filename="C:\Users\NewportG\source\Azure\FunctionMonkey\FMLottery\FMLottery.Core\Handlers\ThunderBallDrawUpdateCommandHandler.cs" line-rate="0" branch-rate="0" complexity="3">
          <methods>
            <method name="Handle" signature="(...)" line-rate="0" branch-rate="0" complexity="2">
              <lines>
                <line number="27" hits="0" branch="false" />
                <line number="28" hits="0" branch="false" />
                <line number="30" hits="0" branch="false" />
                <line number="31" hits="0" branch="true" condition-coverage="0% (0/2)" />
                <line number="32" hits="0" branch="false" />
                <line number="33" hits="0" branch="false" />
                <line number="34" hits="0" branch="false" />
                <line number="36" hits="0" branch="false" />
                <line number="37" hits="0" branch="false" />
              </lines>
            </method>
            <method name=".ctor" signature="(...)" line-rate="0" branch-rate="1" complexity="1">
              <lines>
                <line number="18" hits="0" branch="false" />
                <line number="19" hits="0" branch="false" />
                <line number="20" hits="0" branch="false" />
                <line number="21" hits="0" branch="false" />
                <line number="23" hits="0" branch="false" />
                <line number="24" hits="0" branch="false" />
              </lines>
            </method>
          </methods>
          <lines>
            <line number="18" hits="0" branch="false" />
            <line number="19" hits="0" branch="false" />
            <line number="20" hits="0" branch="false" />
            <line number="21" hits="0" branch="false" />
            <line number="23" hits="0" branch="false" />
            <line number="24" hits="0" branch="false" />
            <line number="27" hits="0" branch="false" />
            <line number="28" hits="0" branch="false" />
            <line number="30" hits="0" branch="false" />
            <line number="31" hits="0" branch="true" condition-coverage="0% (0/2)" />
            <line number="32" hits="0" branch="false" />
            <line number="33" hits="0" branch="false" />
            <line number="34" hits="0" branch="false" />
            <line number="36" hits="0" branch="false" />
            <line number="37" hits="0" branch="false" />
          </lines>
        </class>
        <class name="FMLottery.Core.Mapping.ToThunderBallDtoMap" filename="C:\Users\NewportG\source\Azure\FunctionMonkey\FMLottery\FMLottery.Core\Mapping\ToThunderBallDtoMap.cs" line-rate="0.19230769230769232" branch-rate="0" complexity="24">
          <methods>
            <method name="DrawDate" signature="(...)" line-rate="0" branch-rate="0" complexity="2">
              <lines>
                <line number="34" hits="0" branch="false" />
                <line number="35" hits="0" branch="true" condition-coverage="0% (0/2)" />
                <line number="36" hits="0" branch="false" />
                <line number="37" hits="0" branch="false" />
                <line number="38" hits="0" branch="false" />
              </lines>
            </method>
            <method name="Balls" signature="(...)" line-rate="0" branch-rate="1" complexity="1">
              <lines>
                <line number="40" hits="0" branch="false" />
                <line number="41" hits="0" branch="false" />
                <line number="42" hits="0" branch="false" />
                <line number="43" hits="0" branch="false" />
                <line number="44" hits="0" branch="false" />
                <line number="45" hits="0" branch="false" />
                <line number="46" hits="0" branch="false" />
                <line number="47" hits="0" branch="false" />
                <line number="48" hits="0" branch="false" />
                <line number="50" hits="0" branch="false" />
                <line number="51" hits="0" branch="false" />
                <line number="52" hits="0" branch="false" />
              </lines>
            </method>
            <method name="BonusBall" signature="(...)" line-rate="0" branch-rate="1" complexity="1">
              <lines>
                <line number="55" hits="0" branch="false" />
                <line number="56" hits="0" branch="false" />
                <line number="57" hits="0" branch="false" />
                <line number="58" hits="0" branch="false" />
                <line number="59" hits="0" branch="false" />
                <line number="60" hits="0" branch="false" />
                <line number="61" hits="0" branch="false" />
              </lines>
            </method>
            <method name="BallTotal" signature="(...)" line-rate="0" branch-rate="1" complexity="1">
              <lines>
                <line number="64" hits="0" branch="false" />
                <line number="65" hits="0" branch="false" />
                <line number="66" hits="0" branch="false" />
              </lines>
            </method>
            <method name="NumOddBalls" signature="(...)" line-rate="0" branch-rate="0" complexity="10">
              <lines>
                <line number="69" hits="0" branch="false" />
                <line number="70" hits="0" branch="true" condition-coverage="0% (0/2)" />
                <line number="71" hits="0" branch="true" condition-coverage="0% (0/2)" />
                <line number="72" hits="0" branch="true" condition-coverage="0% (0/2)" />
                <line number="73" hits="0" branch="true" condition-coverage="0% (0/2)" />
                <line number="74" hits="0" branch="true" condition-coverage="0% (0/2)" />
                <line number="76" hits="0" branch="false" />
                <line number="77" hits="0" branch="false" />
              </lines>
            </method>
            <method name="RenatoGianellaPattern" signature="(...)" line-rate="0" branch-rate="1" complexity="1">
              <lines>
                <line number="93" hits="0" branch="false" />
                <line number="94" hits="0" branch="false" />
                <line number="95" hits="0" branch="false" />
                <line number="96" hits="0" branch="false" />
                <line number="97" hits="0" branch="false" />
                <line number="98" hits="0" branch="false" />
                <line number="99" hits="0" branch="false" />
                <line number="100" hits="0" branch="false" />
                <line number="101" hits="0" branch="false" />
              </lines>
            </method>
            <method name="BallRGColour" signature="(...)" line-rate="0" branch-rate="0" complexity="6">
              <lines>
                <line number="104" hits="0" branch="false" />
                <line number="105" hits="0" branch="false" />
                <line number="106" hits="0" branch="false" />
                <line number="108" hits="0" branch="true" condition-coverage="0% (0/2)" />
                <line number="109" hits="0" branch="false" />
                <line number="110" hits="0" branch="true" condition-coverage="0% (0/4)" />
                <line number="111" hits="0" branch="false" />
                <line number="112" hits="0" branch="false" />
                <line number="113" hits="0" branch="false" />
                <line number="114" hits="0" branch="false" />
              </lines>
            </method>
            <method name="Delta" signature="(...)" line-rate="0" branch-rate="1" complexity="1">
              <lines>
                <line number="117" hits="0" branch="false" />
                <line number="118" hits="0" branch="false" />
                <line number="119" hits="0" branch="false" />
                <line number="120" hits="0" branch="false" />
                <line number="121" hits="0" branch="false" />
                <line number="122" hits="0" branch="false" />
                <line number="123" hits="0" branch="false" />
                <line number="125" hits="0" branch="false" />
                <line number="126" hits="0" branch="false" />
              </lines>
            </method>
            <method name=".ctor" signature="()" line-rate="1" branch-rate="1" complexity="1">
              <lines>
                <line number="16" hits="1" branch="false" />
                <line number="17" hits="1" branch="false" />
                <line number="18" hits="1" branch="false" />
                <line number="20" hits="1" branch="false" />
                <line number="21" hits="1" branch="false" />
                <line number="22" hits="1" branch="false" />
                <line number="23" hits="1" branch="false" />
                <line number="24" hits="1" branch="false" />
                <line number="25" hits="1" branch="false" />
                <line number="26" hits="1" branch="false" />
                <line number="27" hits="1" branch="false" />
                <line number="28" hits="1" branch="false" />
                <line number="29" hits="1" branch="false" />
                <line number="30" hits="2" branch="false" />
                <line number="31" hits="1" branch="false" />
              </lines>
            </method>
          </methods>
          <lines>
            <line number="16" hits="1" branch="false" />
            <line number="17" hits="1" branch="false" />
            <line number="18" hits="1" branch="false" />
            <line number="20" hits="1" branch="false" />
            <line number="21" hits="1" branch="false" />
            <line number="22" hits="1" branch="false" />
            <line number="23" hits="1" branch="false" />
            <line number="24" hits="1" branch="false" />
            <line number="25" hits="1" branch="false" />
            <line number="26" hits="1" branch="false" />
            <line number="27" hits="1" branch="false" />
            <line number="28" hits="1" branch="false" />
            <line number="29" hits="1" branch="false" />
            <line number="30" hits="2" branch="false" />
            <line number="31" hits="1" branch="false" />
            <line number="34" hits="0" branch="false" />
            <line number="35" hits="0" branch="true" condition-coverage="0% (0/2)" />
            <line number="36" hits="0" branch="false" />
            <line number="37" hits="0" branch="false" />
            <line number="38" hits="0" branch="false" />
            <line number="40" hits="0" branch="false" />
            <line number="41" hits="0" branch="false" />
            <line number="42" hits="0" branch="false" />
            <line number="43" hits="0" branch="false" />
            <line number="44" hits="0" branch="false" />
            <line number="45" hits="0" branch="false" />
            <line number="46" hits="0" branch="false" />
            <line number="47" hits="0" branch="false" />
            <line number="48" hits="0" branch="false" />
            <line number="50" hits="0" branch="false" />
            <line number="51" hits="0" branch="false" />
            <line number="52" hits="0" branch="false" />
            <line number="55" hits="0" branch="false" />
            <line number="56" hits="0" branch="false" />
            <line number="57" hits="0" branch="false" />
            <line number="58" hits="0" branch="false" />
            <line number="59" hits="0" branch="false" />
            <line number="60" hits="0" branch="false" />
            <line number="61" hits="0" branch="false" />
            <line number="64" hits="0" branch="false" />
            <line number="65" hits="0" branch="false" />
            <line number="66" hits="0" branch="false" />
            <line number="69" hits="0" branch="false" />
            <line number="70" hits="0" branch="true" condition-coverage="0% (0/2)" />
            <line number="71" hits="0" branch="true" condition-coverage="0% (0/2)" />
            <line number="72" hits="0" branch="true" condition-coverage="0% (0/2)" />
            <line number="73" hits="0" branch="true" condition-coverage="0% (0/2)" />
            <line number="74" hits="0" branch="true" condition-coverage="0% (0/2)" />
            <line number="76" hits="0" branch="false" />
            <line number="77" hits="0" branch="false" />
            <line number="93" hits="0" branch="false" />
            <line number="94" hits="0" branch="false" />
            <line number="95" hits="0" branch="false" />
            <line number="96" hits="0" branch="false" />
            <line number="97" hits="0" branch="false" />
            <line number="98" hits="0" branch="false" />
            <line number="99" hits="0" branch="false" />
            <line number="100" hits="0" branch="false" />
            <line number="101" hits="0" branch="false" />
            <line number="104" hits="0" branch="false" />
            <line number="105" hits="0" branch="false" />
            <line number="106" hits="0" branch="false" />
            <line number="108" hits="0" branch="true" condition-coverage="0% (0/2)" />
            <line number="109" hits="0" branch="false" />
            <line number="110" hits="0" branch="true" condition-coverage="0% (0/4)" />
            <line number="111" hits="0" branch="false" />
            <line number="112" hits="0" branch="false" />
            <line number="113" hits="0" branch="false" />
            <line number="114" hits="0" branch="false" />
            <line number="117" hits="0" branch="false" />
            <line number="118" hits="0" branch="false" />
            <line number="119" hits="0" branch="false" />
            <line number="120" hits="0" branch="false" />
            <line number="121" hits="0" branch="false" />
            <line number="122" hits="0" branch="false" />
            <line number="123" hits="0" branch="false" />
            <line number="125" hits="0" branch="false" />
            <line number="126" hits="0" branch="false" />
          </lines>
        </class>
        <class name="FMLottery.Core.Mapping.ToThunderBallPredictionMap" filename="C:\Users\NewportG\source\Azure\FunctionMonkey\FMLottery\FMLottery.Core\Mapping\ToThunderBallPredictionMap.cs" line-rate="0.3333333333333333" branch-rate="0" complexity="3">
          <methods>
            <method name="Prediction" signature="(...)" line-rate="0" branch-rate="0" complexity="2">
              <lines>
                <line number="23" hits="0" branch="false" />
                <line number="24" hits="0" branch="false" />
                <line number="25" hits="0" branch="false" />
                <line number="27" hits="0" branch="true" condition-coverage="0% (0/2)" />
                <line number="28" hits="0" branch="false" />
                <line number="30" hits="0" branch="false" />
                <line number="33" hits="0" branch="false" />
                <line number="46" hits="0" branch="false" />
                <line number="49" hits="0" branch="false" />
                <line number="51" hits="0" branch="false" />
                <line number="53" hits="0" branch="false" />
                <line number="54" hits="0" branch="false" />
              </lines>
            </method>
            <method name=".ctor" signature="()" line-rate="1" branch-rate="1" complexity="1">
              <lines>
                <line number="13" hits="1" branch="false" />
                <line number="14" hits="1" branch="false" />
                <line number="15" hits="1" branch="false" />
                <line number="18" hits="1" branch="false" />
                <line number="19" hits="2" branch="false" />
                <line number="20" hits="1" branch="false" />
              </lines>
            </method>
          </methods>
          <lines>
            <line number="13" hits="1" branch="false" />
            <line number="14" hits="1" branch="false" />
            <line number="15" hits="1" branch="false" />
            <line number="18" hits="1" branch="false" />
            <line number="19" hits="2" branch="false" />
            <line number="20" hits="1" branch="false" />
            <line number="23" hits="0" branch="false" />
            <line number="24" hits="0" branch="false" />
            <line number="25" hits="0" branch="false" />
            <line number="27" hits="0" branch="true" condition-coverage="0% (0/2)" />
            <line number="28" hits="0" branch="false" />
            <line number="30" hits="0" branch="false" />
            <line number="33" hits="0" branch="false" />
            <line number="46" hits="0" branch="false" />
            <line number="49" hits="0" branch="false" />
            <line number="51" hits="0" branch="false" />
            <line number="53" hits="0" branch="false" />
            <line number="54" hits="0" branch="false" />
          </lines>
        </class>
        <class name="FMLottery.Core.Validation.ThunderBallAnalysisValidator" filename="C:\Users\NewportG\source\Azure\FunctionMonkey\FMLottery\FMLottery.Core\Validation\ThunderBallAnalysisValidator.cs" line-rate="0" branch-rate="1" complexity="1">
          <methods>
            <method name=".ctor" signature="()" line-rate="0" branch-rate="1" complexity="1">
              <lines>
                <line number="8" hits="0" branch="false" />
                <line number="9" hits="0" branch="false" />
                <line number="10" hits="0" branch="false" />
                <line number="11" hits="0" branch="false" />
                <line number="12" hits="0" branch="false" />
                <line number="13" hits="0" branch="false" />
                <line number="14" hits="0" branch="false" />
                <line number="20" hits="0" branch="false" />
              </lines>
            </method>
          </methods>
          <lines>
            <line number="8" hits="0" branch="false" />
            <line number="9" hits="0" branch="false" />
            <line number="10" hits="0" branch="false" />
            <line number="11" hits="0" branch="false" />
            <line number="12" hits="0" branch="false" />
            <line number="13" hits="0" branch="false" />
            <line number="14" hits="0" branch="false" />
            <line number="20" hits="0" branch="false" />
          </lines>
        </class>
        <class name="FMLottery.Handlers.ThunderBallPredictionQueryHandler" filename="C:\Users\NewportG\source\Azure\FunctionMonkey\FMLottery\FMLottery.Core\Handlers\ThunderBallPredictionQueryHandler.cs" line-rate="0" branch-rate="0" complexity="3">
          <methods>
            <method name="Handle" signature="(...)" line-rate="0" branch-rate="0" complexity="2">
              <lines>
                <line number="32" hits="0" branch="false" />
                <line number="33" hits="0" branch="false" />
                <line number="35" hits="0" branch="true" condition-coverage="0% (0/2)" />
                <line number="36" hits="0" branch="false" />
                <line number="37" hits="0" branch="false" />
                <line number="40" hits="0" branch="false" />
                <line number="42" hits="0" branch="false" />
                <line number="43" hits="0" branch="false" />
                <line number="44" hits="0" branch="false" />
                <line number="46" hits="0" branch="false" />
                <line number="47" hits="0" branch="false" />
              </lines>
            </method>
            <method name=".ctor" signature="(...)" line-rate="0" branch-rate="1" complexity="1">
              <lines>
                <line number="22" hits="0" branch="false" />
                <line number="23" hits="0" branch="false" />
                <line number="24" hits="0" branch="false" />
                <line number="25" hits="0" branch="false" />
                <line number="26" hits="0" branch="false" />
                <line number="27" hits="0" branch="false" />
                <line number="28" hits="0" branch="false" />
                <line number="29" hits="0" branch="false" />
              </lines>
            </method>
          </methods>
          <lines>
            <line number="22" hits="0" branch="false" />
            <line number="23" hits="0" branch="false" />
            <line number="24" hits="0" branch="false" />
            <line number="25" hits="0" branch="false" />
            <line number="26" hits="0" branch="false" />
            <line number="27" hits="0" branch="false" />
            <line number="28" hits="0" branch="false" />
            <line number="29" hits="0" branch="false" />
            <line number="32" hits="0" branch="false" />
            <line number="33" hits="0" branch="false" />
            <line number="35" hits="0" branch="true" condition-coverage="0% (0/2)" />
            <line number="36" hits="0" branch="false" />
            <line number="37" hits="0" branch="false" />
            <line number="40" hits="0" branch="false" />
            <line number="42" hits="0" branch="false" />
            <line number="43" hits="0" branch="false" />
            <line number="44" hits="0" branch="false" />
            <line number="46" hits="0" branch="false" />
            <line number="47" hits="0" branch="false" />
          </lines>
        </class>
        <class name="FMLottery.Mapping.ToAnalysisMap" filename="C:\Users\NewportG\source\Azure\FunctionMonkey\FMLottery\FMLottery.Core\Mapping\ToAnalysisMap.cs" line-rate="0.07142857142857142" branch-rate="0" complexity="43">
          <methods>
            <method name="BallTotalAvg" signature="(...)" line-rate="0" branch-rate="0" complexity="4">
              <lines>
                <line number="29" hits="0" branch="false" />
                <line number="30" hits="0" branch="false" />
                <line number="32" hits="0" branch="true" condition-coverage="0% (0/2)" />
                <line number="33" hits="0" branch="false" />
                <line number="34" hits="0" branch="false" />
                <line number="35" hits="0" branch="false" />
                <line number="36" hits="0" branch="true" condition-coverage="0% (0/2)" />
                <line number="37" hits="0" branch="false" />
                <line number="38" hits="0" branch="false" />
                <line number="39" hits="0" branch="false" />
              </lines>
            </method>
            <method name="BallAvgSpread" signature="(...)" line-rate="0" branch-rate="0" complexity="4">
              <lines>
                <line number="42" hits="0" branch="false" />
                <line number="43" hits="0" branch="false" />
                <line number="45" hits="0" branch="true" condition-coverage="0% (0/2)" />
                <line number="46" hits="0" branch="false" />
                <line number="47" hits="0" branch="false" />
                <line number="48" hits="0" branch="false" />
                <line number="49" hits="0" branch="true" condition-coverage="0% (0/2)" />
                <line number="50" hits="0" branch="false" />
                <line number="51" hits="0" branch="false" />
                <line number="52" hits="0" branch="false" />
                <line number="53" hits="0" branch="false" />
                <line number="54" hits="0" branch="false" />
                <line number="55" hits="0" branch="false" />
                <line number="56" hits="0" branch="false" />
                <line number="57" hits="0" branch="false" />
                <line number="59" hits="0" branch="false" />
                <line number="60" hits="0" branch="false" />
                <line number="61" hits="0" branch="false" />
                <line number="62" hits="0" branch="false" />
                <line number="64" hits="0" branch="false" />
                <line number="65" hits="0" branch="false" />
              </lines>
            </method>
            <method name="NumBallDrawings" signature="(...)" line-rate="0" branch-rate="0" complexity="4">
              <lines>
                <line number="68" hits="0" branch="false" />
                <line number="69" hits="0" branch="false" />
                <line number="71" hits="0" branch="true" condition-coverage="0% (0/2)" />
                <line number="72" hits="0" branch="false" />
                <line number="73" hits="0" branch="true" condition-coverage="0% (0/2)" />
                <line number="74" hits="0" branch="false" />
                <line number="75" hits="0" branch="false" />
                <line number="78" hits="0" branch="false" />
                <line number="79" hits="0" branch="false" />
              </lines>
            </method>
            <method name="BallCount" signature="(...)" line-rate="0" branch-rate="0" complexity="2">
              <lines>
                <line number="81" hits="0" branch="false" />
                <line number="82" hits="0" branch="false" />
                <line number="83" hits="0" branch="true" condition-coverage="0% (0/2)" />
                <line number="84" hits="0" branch="false" />
                <line number="85" hits="0" branch="false" />
                <line number="86" hits="0" branch="false" />
                <line number="87" hits="0" branch="false" />
                <line number="88" hits="0" branch="false" />
                <line number="89" hits="0" branch="false" />
                <line number="90" hits="0" branch="false" />
                <line number="91" hits="0" branch="false" />
                <line number="92" hits="0" branch="false" />
                <line number="93" hits="0" branch="false" />
                <line number="95" hits="0" branch="false" />
                <line number="96" hits="0" branch="false" />
                <line number="97" hits="0" branch="false" />
                <line number="98" hits="0" branch="false" />
                <line number="99" hits="0" branch="false" />
              </lines>
            </method>
            <method name="OddBalls" signature="(...)" line-rate="0" branch-rate="0" complexity="2">
              <lines>
                <line number="107" hits="0" branch="false" />
                <line number="108" hits="0" branch="false" />
                <line number="110" hits="0" branch="true" condition-coverage="0% (0/2)" />
                <line number="111" hits="0" branch="false" />
                <line number="112" hits="0" branch="false" />
                <line number="113" hits="0" branch="false" />
                <line number="116" hits="0" branch="false" />
                <line number="117" hits="0" branch="false" />
              </lines>
            </method>
            <method name="NumOddBalls" signature="(...)" line-rate="0" branch-rate="0" complexity="10">
              <lines>
                <line number="120" hits="0" branch="false" />
                <line number="121" hits="0" branch="true" condition-coverage="0% (0/2)" />
                <line number="122" hits="0" branch="true" condition-coverage="0% (0/2)" />
                <line number="123" hits="0" branch="true" condition-coverage="0% (0/2)" />
                <line number="124" hits="0" branch="true" condition-coverage="0% (0/2)" />
                <line number="125" hits="0" branch="true" condition-coverage="0% (0/2)" />
                <line number="127" hits="0" branch="false" />
                <line number="128" hits="0" branch="false" />
              </lines>
            </method>
            <method name="RenatoGianellaOccurrance" signature="(...)" line-rate="0" branch-rate="0" complexity="4">
              <lines>
                <line number="131" hits="0" branch="false" />
                <line number="132" hits="0" branch="false" />
                <line number="134" hits="0" branch="true" condition-coverage="0% (0/2)" />
                <line number="135" hits="0" branch="false" />
                <line number="136" hits="0" branch="false" />
                <line number="138" hits="0" branch="false" />
                <line number="139" hits="0" branch="false" />
                <line number="140" hits="0" branch="true" condition-coverage="0% (0/2)" />
                <line number="141" hits="0" branch="false" />
                <line number="142" hits="0" branch="false" />
                <line number="143" hits="0" branch="false" />
                <line number="144" hits="0" branch="false" />
                <line number="145" hits="0" branch="false" />
                <line number="146" hits="0" branch="false" />
                <line number="147" hits="0" branch="false" />
                <line number="148" hits="0" branch="false" />
                <line number="149" hits="0" branch="false" />
                <line number="150" hits="0" branch="false" />
                <line number="151" hits="0" branch="false" />
                <line number="153" hits="0" branch="false" />
                <line number="154" hits="0" branch="false" />
                <line number="155" hits="0" branch="false" />
                <line number="156" hits="0" branch="false" />
                <line number="157" hits="0" branch="false" />
                <line number="160" hits="0" branch="false" />
                <line number="161" hits="0" branch="false" />
              </lines>
            </method>
            <method name="Intarraytostring" signature="(...)" line-rate="0" branch-rate="0" complexity="2">
              <lines>
                <line number="163" hits="0" branch="false" />
                <line number="164" hits="0" branch="false" />
                <line number="166" hits="0" branch="true" condition-coverage="0% (0/2)" />
                <line number="167" hits="0" branch="false" />
                <line number="168" hits="0" branch="false" />
                <line number="169" hits="0" branch="false" />
                <line number="170" hits="0" branch="false" />
                <line number="171" hits="0" branch="false" />
              </lines>
            </method>
            <method name="RenatoGianellaPattern" signature="(...)" line-rate="0" branch-rate="1" complexity="1">
              <lines>
                <line number="187" hits="0" branch="false" />
                <line number="188" hits="0" branch="false" />
                <line number="189" hits="0" branch="false" />
                <line number="190" hits="0" branch="false" />
                <line number="191" hits="0" branch="false" />
                <line number="192" hits="0" branch="false" />
                <line number="193" hits="0" branch="false" />
                <line number="194" hits="0" branch="false" />
                <line number="195" hits="0" branch="false" />
              </lines>
            </method>
            <method name="BallRGColour" signature="(...)" line-rate="0" branch-rate="0" complexity="6">
              <lines>
                <line number="198" hits="0" branch="false" />
                <line number="199" hits="0" branch="false" />
                <line number="201" hits="0" branch="true" condition-coverage="0% (0/2)" />
                <line number="202" hits="0" branch="false" />
                <line number="203" hits="0" branch="true" condition-coverage="0% (0/4)" />
                <line number="204" hits="0" branch="false" />
                <line number="205" hits="0" branch="false" />
                <line number="206" hits="0" branch="false" />
                <line number="207" hits="0" branch="false" />
              </lines>
            </method>
            <method name="Delta" signature="(...)" line-rate="0" branch-rate="0" complexity="2">
              <lines>
                <line number="210" hits="0" branch="false" />
                <line number="211" hits="0" branch="false" />
                <line number="213" hits="0" branch="true" condition-coverage="0% (0/2)" />
                <line number="214" hits="0" branch="false" />
                <line number="215" hits="0" branch="false" />
                <line number="216" hits="0" branch="false" />
                <line number="217" hits="0" branch="false" />
                <line number="218" hits="0" branch="false" />
              </lines>
            </method>
            <method name="Delta" signature="(...)" line-rate="0" branch-rate="1" complexity="1">
              <lines>
                <line number="221" hits="0" branch="false" />
                <line number="222" hits="0" branch="false" />
                <line number="223" hits="0" branch="false" />
                <line number="224" hits="0" branch="false" />
                <line number="225" hits="0" branch="false" />
                <line number="226" hits="0" branch="false" />
                <line number="227" hits="0" branch="false" />
                <line number="229" hits="0" branch="false" />
                <line number="230" hits="0" branch="false" />
              </lines>
            </method>
            <method name=".ctor" signature="()" line-rate="1" branch-rate="1" complexity="1">
              <lines>
                <line number="14" hits="1" branch="false" />
                <line number="15" hits="1" branch="false" />
                <line number="16" hits="1" branch="false" />
                <line number="19" hits="1" branch="false" />
                <line number="20" hits="1" branch="false" />
                <line number="21" hits="1" branch="false" />
                <line number="22" hits="1" branch="false" />
                <line number="23" hits="1" branch="false" />
                <line number="24" hits="1" branch="false" />
                <line number="25" hits="2" branch="false" />
                <line number="26" hits="1" branch="false" />
              </lines>
            </method>
          </methods>
          <lines>
            <line number="14" hits="1" branch="false" />
            <line number="15" hits="1" branch="false" />
            <line number="16" hits="1" branch="false" />
            <line number="19" hits="1" branch="false" />
            <line number="20" hits="1" branch="false" />
            <line number="21" hits="1" branch="false" />
            <line number="22" hits="1" branch="false" />
            <line number="23" hits="1" branch="false" />
            <line number="24" hits="1" branch="false" />
            <line number="25" hits="2" branch="false" />
            <line number="26" hits="1" branch="false" />
            <line number="29" hits="0" branch="false" />
            <line number="30" hits="0" branch="false" />
            <line number="32" hits="0" branch="true" condition-coverage="0% (0/2)" />
            <line number="33" hits="0" branch="false" />
            <line number="34" hits="0" branch="false" />
            <line number="35" hits="0" branch="false" />
            <line number="36" hits="0" branch="true" condition-coverage="0% (0/2)" />
            <line number="37" hits="0" branch="false" />
            <line number="38" hits="0" branch="false" />
            <line number="39" hits="0" branch="false" />
            <line number="42" hits="0" branch="false" />
            <line number="43" hits="0" branch="false" />
            <line number="45" hits="0" branch="true" condition-coverage="0% (0/2)" />
            <line number="46" hits="0" branch="false" />
            <line number="47" hits="0" branch="false" />
            <line number="48" hits="0" branch="false" />
            <line number="49" hits="0" branch="true" condition-coverage="0% (0/2)" />
            <line number="50" hits="0" branch="false" />
            <line number="51" hits="0" branch="false" />
            <line number="52" hits="0" branch="false" />
            <line number="53" hits="0" branch="false" />
            <line number="54" hits="0" branch="false" />
            <line number="55" hits="0" branch="false" />
            <line number="56" hits="0" branch="false" />
            <line number="57" hits="0" branch="false" />
            <line number="59" hits="0" branch="false" />
            <line number="60" hits="0" branch="false" />
            <line number="61" hits="0" branch="false" />
            <line number="62" hits="0" branch="false" />
            <line number="64" hits="0" branch="false" />
            <line number="65" hits="0" branch="false" />
            <line number="68" hits="0" branch="false" />
            <line number="69" hits="0" branch="false" />
            <line number="71" hits="0" branch="true" condition-coverage="0% (0/2)" />
            <line number="72" hits="0" branch="false" />
            <line number="73" hits="0" branch="true" condition-coverage="0% (0/2)" />
            <line number="74" hits="0" branch="false" />
            <line number="75" hits="0" branch="false" />
            <line number="78" hits="0" branch="false" />
            <line number="79" hits="0" branch="false" />
            <line number="81" hits="0" branch="false" />
            <line number="82" hits="0" branch="false" />
            <line number="83" hits="0" branch="true" condition-coverage="0% (0/2)" />
            <line number="84" hits="0" branch="false" />
            <line number="85" hits="0" branch="false" />
            <line number="86" hits="0" branch="false" />
            <line number="87" hits="0" branch="false" />
            <line number="88" hits="0" branch="false" />
            <line number="89" hits="0" branch="false" />
            <line number="90" hits="0" branch="false" />
            <line number="91" hits="0" branch="false" />
            <line number="92" hits="0" branch="false" />
            <line number="93" hits="0" branch="false" />
            <line number="95" hits="0" branch="false" />
            <line number="96" hits="0" branch="false" />
            <line number="97" hits="0" branch="false" />
            <line number="98" hits="0" branch="false" />
            <line number="99" hits="0" branch="false" />
            <line number="107" hits="0" branch="false" />
            <line number="108" hits="0" branch="false" />
            <line number="110" hits="0" branch="true" condition-coverage="0% (0/2)" />
            <line number="111" hits="0" branch="false" />
            <line number="112" hits="0" branch="false" />
            <line number="113" hits="0" branch="false" />
            <line number="116" hits="0" branch="false" />
            <line number="117" hits="0" branch="false" />
            <line number="120" hits="0" branch="false" />
            <line number="121" hits="0" branch="true" condition-coverage="0% (0/2)" />
            <line number="122" hits="0" branch="true" condition-coverage="0% (0/2)" />
            <line number="123" hits="0" branch="true" condition-coverage="0% (0/2)" />
            <line number="124" hits="0" branch="true" condition-coverage="0% (0/2)" />
            <line number="125" hits="0" branch="true" condition-coverage="0% (0/2)" />
            <line number="127" hits="0" branch="false" />
            <line number="128" hits="0" branch="false" />
            <line number="131" hits="0" branch="false" />
            <line number="132" hits="0" branch="false" />
            <line number="134" hits="0" branch="true" condition-coverage="0% (0/2)" />
            <line number="135" hits="0" branch="false" />
            <line number="136" hits="0" branch="false" />
            <line number="138" hits="0" branch="false" />
            <line number="139" hits="0" branch="false" />
            <line number="140" hits="0" branch="true" condition-coverage="0% (0/2)" />
            <line number="141" hits="0" branch="false" />
            <line number="142" hits="0" branch="false" />
            <line number="143" hits="0" branch="false" />
            <line number="144" hits="0" branch="false" />
            <line number="145" hits="0" branch="false" />
            <line number="146" hits="0" branch="false" />
            <line number="147" hits="0" branch="false" />
            <line number="148" hits="0" branch="false" />
            <line number="149" hits="0" branch="false" />
            <line number="150" hits="0" branch="false" />
            <line number="151" hits="0" branch="false" />
            <line number="153" hits="0" branch="false" />
            <line number="154" hits="0" branch="false" />
            <line number="155" hits="0" branch="false" />
            <line number="156" hits="0" branch="false" />
            <line number="157" hits="0" branch="false" />
            <line number="160" hits="0" branch="false" />
            <line number="161" hits="0" branch="false" />
            <line number="163" hits="0" branch="false" />
            <line number="164" hits="0" branch="false" />
            <line number="166" hits="0" branch="true" condition-coverage="0% (0/2)" />
            <line number="167" hits="0" branch="false" />
            <line number="168" hits="0" branch="false" />
            <line number="169" hits="0" branch="false" />
            <line number="170" hits="0" branch="false" />
            <line number="171" hits="0" branch="false" />
            <line number="187" hits="0" branch="false" />
            <line number="188" hits="0" branch="false" />
            <line number="189" hits="0" branch="false" />
            <line number="190" hits="0" branch="false" />
            <line number="191" hits="0" branch="false" />
            <line number="192" hits="0" branch="false" />
            <line number="193" hits="0" branch="false" />
            <line number="194" hits="0" branch="false" />
            <line number="195" hits="0" branch="false" />
            <line number="198" hits="0" branch="false" />
            <line number="199" hits="0" branch="false" />
            <line number="201" hits="0" branch="true" condition-coverage="0% (0/2)" />
            <line number="202" hits="0" branch="false" />
            <line number="203" hits="0" branch="true" condition-coverage="0% (0/4)" />
[...]
            <line number="22" hits="0" branch="false" />
            <line number="25" hits="0" branch="false" />
            <line number="28" hits="0" branch="false" />
            <line number="31" hits="0" branch="false" />
            <line number="34" hits="0" branch="false" />
            <line number="37" hits="0" branch="false" />
            <line number="40" hits="0" branch="false" />
            <line number="43" hits="0" branch="false" />
            <line number="46" hits="0" branch="false" />
          </lines>
        </class>
        <class name="FMLottery.Models.ThunderBallCamalots" filename="C:\Users\NewportG\source\Azure\FunctionMonkey\FMLottery\FMLottery.Core\Models\ThunderBallCamalot.cs" line-rate="0" branch-rate="1" complexity="1">
          <methods>
            <method name="get_Draws" signature="()" line-rate="0" branch-rate="1" complexity="1">
              <lines>
                <line number="13" hits="0" branch="false" />
              </lines>
            </method>
          </methods>
          <lines>
            <line number="13" hits="0" branch="false" />
          </lines>
        </class>
        <class name="FMLottery.Models.ThunderBallDto" filename="C:\Users\NewportG\source\Azure\FunctionMonkey\FMLottery\FMLottery.Core\Models\ThunderBallDto.cs" line-rate="0" branch-rate="1" complexity="10">
          <methods>
            <method name="get_DrawDate" signature="()" line-rate="0" branch-rate="1" complexity="1">
              <lines>
                <line number="8" hits="0" branch="false" />
              </lines>
            </method>
            <method name="get_BallTotal" signature="()" line-rate="0" branch-rate="1" complexity="1">
              <lines>
                <line number="9" hits="0" branch="false" />
              </lines>
            </method>
            <method name="get_NumOddBalls" signature="()" line-rate="0" branch-rate="1" complexity="1">
              <lines>
                <line number="10" hits="0" branch="false" />
              </lines>
            </method>
            <method name="get_BallSet" signature="()" line-rate="0" branch-rate="1" complexity="1">
              <lines>
                <line number="11" hits="0" branch="false" />
              </lines>
            </method>
            <method name="get_Machine" signature="()" line-rate="0" branch-rate="1" complexity="1">
              <lines>
                <line number="12" hits="0" branch="false" />
              </lines>
            </method>
            <method name="get_DrawNumber" signature="()" line-rate="0" branch-rate="1" complexity="1">
              <lines>
                <line number="13" hits="0" branch="false" />
              </lines>
            </method>
            <method name="get_Balls" signature="()" line-rate="0" branch-rate="1" complexity="1">
              <lines>
                <line number="15" hits="0" branch="false" />
              </lines>
            </method>
            <method name="get_BonusBalls" signature="()" line-rate="0" branch-rate="1" complexity="1">
              <lines>
                <line number="16" hits="0" branch="false" />
              </lines>
            </method>
            <method name="get_RenatoGianellaPattern" signature="()" line-rate="0" branch-rate="1" complexity="1">
              <lines>
                <line number="18" hits="0" branch="false" />
              </lines>
            </method>
            <method name="get_Delta" signature="()" line-rate="0" branch-rate="1" complexity="1">
              <lines>
                <line number="19" hits="0" branch="false" />
              </lines>
            </method>
          </methods>
          <lines>
            <line number="8" hits="0" branch="false" />
            <line number="9" hits="0" branch="false" />
            <line number="10" hits="0" branch="false" />
            <line number="11" hits="0" branch="false" />
            <line number="12" hits="0" branch="false" />
            <line number="13" hits="0" branch="false" />
            <line number="15" hits="0" branch="false" />
            <line number="16" hits="0" branch="false" />
            <line number="18" hits="0" branch="false" />
            <line number="19" hits="0" branch="false" />
          </lines>
        </class>
        <class name="FMLottery.Models.ToDoItem" filename="C:\Users\NewportG\source\Azure\FunctionMonkey\FMLottery\FMLottery.Core\Models\ToDoItem.cs" line-rate="0" branch-rate="1" complexity="3">
          <methods>
            <method name="get_Id" signature="()" line-rate="0" branch-rate="1" complexity="1">
              <lines>
                <line number="7" hits="0" branch="false" />
              </lines>
            </method>
            <method name="get_Title" signature="()" line-rate="0" branch-rate="1" complexity="1">
              <lines>
                <line number="8" hits="0" branch="false" />
              </lines>
            </method>
            <method name="get_IsComplete" signature="()" line-rate="0" branch-rate="1" complexity="1">
              <lines>
                <line number="9" hits="0" branch="false" />
              </lines>
            </method>
          </methods>
          <lines>
            <line number="7" hits="0" branch="false" />
            <line number="8" hits="0" branch="false" />
            <line number="9" hits="0" branch="false" />
          </lines>
        </class>
        <class name="FMLottery.Query.GetThunderBallPredictionQuery" filename="C:\Users\NewportG\source\Azure\FunctionMonkey\FMLottery\FMLottery.Core\Query\GetThunderBallPredictionQuery.cs" line-rate="0" branch-rate="1" complexity="1">
          <methods>
            <method name="get_DrawNumber" signature="()" line-rate="0" branch-rate="1" complexity="1">
              <lines>
                <line number="8" hits="0" branch="false" />
              </lines>
            </method>
          </methods>
          <lines>
            <line number="8" hits="0" branch="false" />
          </lines>
        </class>
        <class name="FMLottery.Rules.ThunderBallRules" filename="C:\Users\NewportG\source\Azure\FunctionMonkey\FMLottery\FMLottery.Core\Rules\ThunderBallRules.cs" line-rate="0.6666666666666666" branch-rate="1" complexity="7">
          <methods>
            <method name="get_NoOfBalls" signature="()" line-rate="1" branch-rate="1" complexity="1">
              <lines>
                <line number="5" hits="5" branch="false" />
              </lines>
            </method>
            <method name="get_NoOfMainBalls" signature="()" line-rate="1" branch-rate="1" complexity="1">
              <lines>
                <line number="6" hits="5" branch="false" />
              </lines>
            </method>
            <method name="get_NoOfBonusBalls" signature="()" line-rate="1" branch-rate="1" complexity="1">
              <lines>
                <line number="7" hits="5" branch="false" />
              </lines>
            </method>
            <method name="get_CostPerGuess" signature="()" line-rate="1" branch-rate="1" complexity="1">
              <lines>
                <line number="8" hits="5" branch="false" />
              </lines>
            </method>
            <method name="get_MinMainBallWin" signature="()" line-rate="1" branch-rate="1" complexity="1">
              <lines>
                <line number="9" hits="5" branch="false" />
              </lines>
            </method>
            <method name="NoOfGuesses" signature="()" line-rate="0" branch-rate="1" complexity="1">
              <lines>
                <line number="11" hits="0" branch="false" />
                <line number="12" hits="0" branch="false" />
                <line number="13" hits="0" branch="false" />
              </lines>
            </method>
            <method name="get_ThunderBallMax" signature="()" line-rate="1" branch-rate="1" complexity="1">
              <lines>
                <line number="15" hits="5" branch="false" />
              </lines>
            </method>
          </methods>
          <lines>
            <line number="5" hits="5" branch="false" />
            <line number="6" hits="5" branch="false" />
            <line number="7" hits="5" branch="false" />
            <line number="8" hits="5" branch="false" />
            <line number="9" hits="5" branch="false" />
            <line number="11" hits="0" branch="false" />
            <line number="12" hits="0" branch="false" />
            <line number="13" hits="0" branch="false" />
            <line number="15" hits="5" branch="false" />
          </lines>
        </class>
        <class name="FMLottery.Validation.RenatoGianellaValidator" filename="C:\Users\NewportG\source\Azure\FunctionMonkey\FMLottery\FMLottery.Core\Validation\RenatoGianellaValidator.cs" line-rate="0" branch-rate="1" complexity="1">
          <methods>
            <method name=".ctor" signature="()" line-rate="0" branch-rate="1" complexity="1">
              <lines>
                <line number="8" hits="0" branch="false" />
                <line number="9" hits="0" branch="false" />
                <line number="10" hits="0" branch="false" />
                <line number="11" hits="0" branch="false" />
                <line number="12" hits="0" branch="false" />
                <line number="13" hits="0" branch="false" />
                <line number="14" hits="0" branch="false" />
              </lines>
            </method>
          </methods>
          <lines>
            <line number="8" hits="0" branch="false" />
            <line number="9" hits="0" branch="false" />
            <line number="10" hits="0" branch="false" />
            <line number="11" hits="0" branch="false" />
            <line number="12" hits="0" branch="false" />
            <line number="13" hits="0" branch="false" />
            <line number="14" hits="0" branch="false" />
          </lines>
        </class>
        <class name="FMLottery.Validation.ThunderBallPredictionValidator" filename="C:\Users\NewportG\source\Azure\FunctionMonkey\FMLottery\FMLottery.Core\Validation\ThunderBallPredictionValidator.cs" line-rate="0" branch-rate="1" complexity="2">
          <methods>
            <method name="SelectionsAreUnique" signature="(...)" line-rate="0" branch-rate="1" complexity="1">
              <lines>
                <line number="27" hits="0" branch="false" />
                <line number="28" hits="0" branch="false" />
                <line number="29" hits="0" branch="false" />
              </lines>
            </method>
            <method name=".ctor" signature="()" line-rate="0" branch-rate="1" complexity="1">
              <lines>
                <line number="10" hits="0" branch="false" />
                <line number="11" hits="0" branch="false" />
                <line number="12" hits="0" branch="false" />
                <line number="13" hits="0" branch="false" />
                <line number="24" hits="0" branch="false" />
              </lines>
            </method>
          </methods>
          <lines>
            <line number="10" hits="0" branch="false" />
            <line number="11" hits="0" branch="false" />
            <line number="12" hits="0" branch="false" />
            <line number="13" hits="0" branch="false" />
            <line number="24" hits="0" branch="false" />
            <line number="27" hits="0" branch="false" />
            <line number="28" hits="0" branch="false" />
            <line number="29" hits="0" branch="false" />
          </lines>
        </class>
        <class name="FMLottery.Validation.ThunderBallSelectionValidator" filename="C:\Users\NewportG\source\Azure\FunctionMonkey\FMLottery\FMLottery.Core\Validation\ThunderBallSelectionValidator.cs" line-rate="0" branch-rate="0" complexity="17">
          <methods>
            <method name="SelectionNotConsecutive" signature="(...)" line-rate="0" branch-rate="0" complexity="4">
              <lines>
                <line number="30" hits="0" branch="false" />
                <line number="31" hits="0" branch="false" />
                <line number="33" hits="0" branch="true" condition-coverage="0% (0/2)" />
                <line number="34" hits="0" branch="false" />
                <line number="35" hits="0" branch="true" condition-coverage="0% (0/2)" />
                <line number="36" hits="0" branch="false" />
                <line number="37" hits="0" branch="false" />
                <line number="39" hits="0" branch="false" />
                <line number="40" hits="0" branch="false" />
              </lines>
            </method>
            <method name="HighestRankedRgPattern" signature="(...)" line-rate="0" branch-rate="0" complexity="4">
              <lines>
                <line number="43" hits="0" branch="false" />
                <line number="44" hits="0" branch="false" />
                <line number="45" hits="0" branch="false" />
                <line number="47" hits="0" branch="true" condition-coverage="0% (0/2)" />
                <line number="48" hits="0" branch="false" />
                <line number="49" hits="0" branch="false" />
                <line number="50" hits="0" branch="false" />
                <line number="52" hits="0" branch="true" condition-coverage="0% (0/2)" />
                <line number="53" hits="0" branch="false" />
                <line number="54" hits="0" branch="false" />
                <line number="55" hits="0" branch="false" />
              </lines>
            </method>
            <method name="BallRgColour" signature="(...)" line-rate="0" branch-rate="0" complexity="6">
              <lines>
                <line number="58" hits="0" branch="false" />
                <line number="59" hits="0" branch="false" />
                <line number="60" hits="0" branch="false" />
                <line number="62" hits="0" branch="true" condition-coverage="0% (0/2)" />
                <line number="63" hits="0" branch="false" />
                <line number="64" hits="0" branch="true" condition-coverage="0% (0/4)" />
                <line number="65" hits="0" branch="false" />
                <line number="66" hits="0" branch="false" />
                <line number="67" hits="0" branch="false" />
                <line number="68" hits="0" branch="false" />
              </lines>
            </method>
            <method name="Intarraytostring" signature="(...)" line-rate="0" branch-rate="0" complexity="2">
              <lines>
                <line number="71" hits="0" branch="false" />
                <line number="72" hits="0" branch="false" />
                <line number="74" hits="0" branch="true" condition-coverage="0% (0/2)" />
                <line number="75" hits="0" branch="false" />
                <line number="76" hits="0" branch="false" />
                <line number="77" hits="0" branch="false" />
                <line number="78" hits="0" branch="false" />
                <line number="79" hits="0" branch="false" />
              </lines>
            </method>
            <method name=".ctor" signature="(...)" line-rate="0" branch-rate="1" complexity="1">
              <lines>
                <line number="14" hits="0" branch="false" />
                <line number="15" hits="0" branch="false" />
                <line number="16" hits="0" branch="false" />
                <line number="17" hits="0" branch="false" />
                <line number="21" hits="0" branch="false" />
                <line number="26" hits="0" branch="false" />
                <line number="27" hits="0" branch="false" />
              </lines>
            </method>
          </methods>
          <lines>
            <line number="14" hits="0" branch="false" />
            <line number="15" hits="0" branch="false" />
            <line number="16" hits="0" branch="false" />
            <line number="17" hits="0" branch="false" />
            <line number="21" hits="0" branch="false" />
            <line number="26" hits="0" branch="false" />
            <line number="27" hits="0" branch="false" />
            <line number="30" hits="0" branch="false" />
            <line number="31" hits="0" branch="false" />
            <line number="33" hits="0" branch="true" condition-coverage="0% (0/2)" />
            <line number="34" hits="0" branch="false" />
            <line number="35" hits="0" branch="true" condition-coverage="0% (0/2)" />
            <line number="36" hits="0" branch="false" />
            <line number="37" hits="0" branch="false" />
            <line number="39" hits="0" branch="false" />
            <line number="40" hits="0" branch="false" />
            <line number="43" hits="0" branch="false" />
            <line number="44" hits="0" branch="false" />
            <line number="45" hits="0" branch="false" />
            <line number="47" hits="0" branch="true" condition-coverage="0% (0/2)" />
            <line number="48" hits="0" branch="false" />
            <line number="49" hits="0" branch="false" />
            <line number="50" hits="0" branch="false" />
            <line number="52" hits="0" branch="true" condition-coverage="0% (0/2)" />
            <line number="53" hits="0" branch="false" />
            <line number="54" hits="0" branch="false" />
            <line number="55" hits="0" branch="false" />
            <line number="58" hits="0" branch="false" />
            <line number="59" hits="0" branch="false" />
            <line number="60" hits="0" branch="false" />
            <line number="62" hits="0" branch="true" condition-coverage="0% (0/2)" />
            <line number="63" hits="0" branch="false" />
            <line number="64" hits="0" branch="true" condition-coverage="0% (0/4)" />
            <line number="65" hits="0" branch="false" />
            <line number="66" hits="0" branch="false" />
            <line number="67" hits="0" branch="false" />
            <line number="68" hits="0" branch="false" />
            <line number="71" hits="0" branch="false" />
            <line number="72" hits="0" branch="false" />
            <line number="74" hits="0" branch="true" condition-coverage="0% (0/2)" />
            <line number="75" hits="0" branch="false" />
            <line number="76" hits="0" branch="false" />
            <line number="77" hits="0" branch="false" />
            <line number="78" hits="0" branch="false" />
            <line number="79" hits="0" branch="false" />
          </lines>
        </class>
        <class name="FMLottery.Validation.ThunderBallValidator" filename="C:\Users\NewportG\source\Azure\FunctionMonkey\FMLottery\FMLottery.Core\Validation\ThunderBallValidator.cs" line-rate="0" branch-rate="1" complexity="1">
          <methods>
            <method name=".ctor" signature="()" line-rate="0" branch-rate="1" complexity="1">
              <lines>
                <line number="8" hits="0" branch="false" />
                <line number="9" hits="0" branch="false" />
                <line number="10" hits="0" branch="false" />
                <line number="11" hits="0" branch="false" />
                <line number="12" hits="0" branch="false" />
                <line number="13" hits="0" branch="false" />
                <line number="14" hits="0" branch="false" />
                <line number="20" hits="0" branch="false" />
              </lines>
            </method>
          </methods>
          <lines>
            <line number="8" hits="0" branch="false" />
            <line number="9" hits="0" branch="false" />
            <line number="10" hits="0" branch="false" />
            <line number="11" hits="0" branch="false" />
            <line number="12" hits="0" branch="false" />
            <line number="13" hits="0" branch="false" />
            <line number="14" hits="0" branch="false" />
            <line number="20" hits="0" branch="false" />
          </lines>
        </class>
      </classes>
    </package>
  </packages>
</coverage>