TpTrace Verbose: 0 : 81736, 1, 2021/11/04, 15:52:48.654, 245614169121, vstest.console.dll, Version: 16.11.0-release-20210730-02
TpTrace Information: 0 : 81736, 1, 2021/11/04, 15:52:48.672, 245614316987, vstest.console.dll, FilePatternParser: The given file C:\Users\NewportG\source\Azure\FunctionMonkey\FMLottery\FMLottery.CamalotTests\bin\Debug\netcoreapp3.1\fine-code-coverage\build-output\FMLottery.CamalotTests.dll is a full path.
TpTrace Verbose: 0 : 81736, 1, 2021/11/04, 15:52:48.696, 245614558713, vstest.console.dll, TestPluginCache.DiscoverTestExtensions: finding test extensions in assemblies ends with: RuntimeProvider.dll TPluginInfo: Microsoft.VisualStudio.TestPlatform.Common.ExtensionFramework.Utilities.TestRuntimePluginInformation TExtension: Microsoft.VisualStudio.TestPlatform.ObjectModel.Host.ITestRuntimeProvider
TpTrace Verbose: 0 : 81736, 1, 2021/11/04, 15:52:48.697, 245614565882, vstest.console.dll, TestPluginCache.GetExtensionPaths: Filtered extension paths: 
TpTrace Verbose: 0 : 81736, 1, 2021/11/04, 15:52:48.697, 245614568217, vstest.console.dll, TestPluginCache.GetExtensionPaths: Added default extension paths: C:\Program Files\dotnet\sdk\5.0.401\Extensions\Microsoft.Diagnostics.NETCore.Client.dll
C:\Program Files\dotnet\sdk\5.0.401\Extensions\Microsoft.TestPlatform.Extensions.BlameDataCollector.dll
C:\Program Files\dotnet\sdk\5.0.401\Extensions\Microsoft.TestPlatform.Extensions.EventLogCollector.dll
C:\Program Files\dotnet\sdk\5.0.401\Extensions\Microsoft.TestPlatform.TestHostRuntimeProvider.dll
C:\Program Files\dotnet\sdk\5.0.401\Extensions\Microsoft.VisualStudio.TestPlatform.Extensions.Html.TestLogger.dll
C:\Program Files\dotnet\sdk\5.0.401\Extensions\Microsoft.VisualStudio.TestPlatform.Extensions.Trx.TestLogger.dll
TpTrace Verbose: 0 : 81736, 1, 2021/11/04, 15:52:48.698, 245614569913, vstest.console.dll, TestPluginCache.GetExtensionPaths: Added unfilterableExtensionPaths: 
TpTrace Information: 0 : 81736, 1, 2021/11/04, 15:52:48.699, 245614580706, vstest.console.dll, AssemblyResolver.ctor: Creating AssemblyResolver with searchDirectories C:\Program Files\dotnet\sdk\5.0.401\Extensions,C:\Program Files\dotnet\sdk\5.0.401
TpTrace Verbose: 0 : 81736, 1, 2021/11/04, 15:52:48.700, 245614596613, vstest.console.dll, TestPluginCache.DiscoverTestExtensions: Discovering the extensions using extension path.
TpTrace Verbose: 0 : 81736, 1, 2021/11/04, 15:52:48.700, 245614599226, vstest.console.dll, TestPluginCache.GetExtensionPaths: Filtered extension paths: 
TpTrace Verbose: 0 : 81736, 1, 2021/11/04, 15:52:48.701, 245614600992, vstest.console.dll, TestPluginCache.GetExtensionPaths: Added default extension paths: C:\Program Files\dotnet\sdk\5.0.401\Extensions\Microsoft.Diagnostics.NETCore.Client.dll
C:\Program Files\dotnet\sdk\5.0.401\Extensions\Microsoft.TestPlatform.Extensions.BlameDataCollector.dll
C:\Program Files\dotnet\sdk\5.0.401\Extensions\Microsoft.TestPlatform.Extensions.EventLogCollector.dll
C:\Program Files\dotnet\sdk\5.0.401\Extensions\Microsoft.TestPlatform.TestHostRuntimeProvider.dll
C:\Program Files\dotnet\sdk\5.0.401\Extensions\Microsoft.VisualStudio.TestPlatform.Extensions.Html.TestLogger.dll
C:\Program Files\dotnet\sdk\5.0.401\Extensions\Microsoft.VisualStudio.TestPlatform.Extensions.Trx.TestLogger.dll
TpTrace Verbose: 0 : 81736, 1, 2021/11/04, 15:52:48.701, 245614602282, vstest.console.dll, TestPluginCache.GetExtensionPaths: Added unfilterableExtensionPaths: 
TpTrace Verbose: 0 : 81736, 1, 2021/11/04, 15:52:48.701, 245614604227, vstest.console.dll, TestPluginCache.DiscoverTestExtensions: Discovering the extensions using allExtensionPaths: C:\Program Files\dotnet\sdk\5.0.401\Extensions\Microsoft.Diagnostics.NETCore.Client.dll
C:\Program Files\dotnet\sdk\5.0.401\Extensions\Microsoft.TestPlatform.Extensions.BlameDataCollector.dll
C:\Program Files\dotnet\sdk\5.0.401\Extensions\Microsoft.TestPlatform.Extensions.EventLogCollector.dll
C:\Program Files\dotnet\sdk\5.0.401\Extensions\Microsoft.TestPlatform.TestHostRuntimeProvider.dll
C:\Program Files\dotnet\sdk\5.0.401\Extensions\Microsoft.VisualStudio.TestPlatform.Extensions.Html.TestLogger.dll
C:\Program Files\dotnet\sdk\5.0.401\Extensions\Microsoft.VisualStudio.TestPlatform.Extensions.Trx.TestLogger.dll
TpTrace Information: 0 : 81736, 1, 2021/11/04, 15:52:48.701, 245614606910, vstest.console.dll, AssemblyResolver.AddSearchDirectories: Adding more searchDirectories C:\Program Files\dotnet\sdk\5.0.401\Extensions,C:\Program Files\dotnet\sdk\5.0.401
TpTrace Information: 0 : 81736, 1, 2021/11/04, 15:52:48.701, 245614608507, vstest.console.dll, AssemblyResolver.AddSearchDirectories: Adding more searchDirectories C:\Program Files\dotnet\sdk\5.0.401\Extensions,C:\Program Files\dotnet\sdk\5.0.401
TpTrace Information: 0 : 81736, 1, 2021/11/04, 15:52:48.702, 245614609889, vstest.console.dll, AssemblyResolver.AddSearchDirectories: Adding more searchDirectories C:\Program Files\dotnet\sdk\5.0.401\Extensions,C:\Program Files\dotnet\sdk\5.0.401
TpTrace Information: 0 : 81736, 1, 2021/11/04, 15:52:48.702, 245614611076, vstest.console.dll, AssemblyResolver.AddSearchDirectories: Adding more searchDirectories C:\Program Files\dotnet\sdk\5.0.401\Extensions,C:\Program Files\dotnet\sdk\5.0.401
TpTrace Information: 0 : 81736, 1, 2021/11/04, 15:52:48.702, 245614612278, vstest.console.dll, AssemblyResolver.AddSearchDirectories: Adding more searchDirectories C:\Program Files\dotnet\sdk\5.0.401\Extensions,C:\Program Files\dotnet\sdk\5.0.401
TpTrace Information: 0 : 81736, 1, 2021/11/04, 15:52:48.702, 245614613699, vstest.console.dll, AssemblyResolver.AddSearchDirectories: Adding more searchDirectories C:\Program Files\dotnet\sdk\5.0.401\Extensions,C:\Program Files\dotnet\sdk\5.0.401
TpTrace Information: 0 : 81736, 1, 2021/11/04, 15:52:48.702, 245614618694, vstest.console.dll, AssemblyResolver.OnResolve: Microsoft.Diagnostics.NETCore.Client: Resolving assembly.
TpTrace Information: 0 : 81736, 1, 2021/11/04, 15:52:48.703, 245614621367, vstest.console.dll, AssemblyResolver.OnResolve: Microsoft.Diagnostics.NETCore.Client: Searching in: 'C:\Program Files\dotnet\sdk\5.0.401\Extensions'.
TpTrace Information: 0 : 81736, 1, 2021/11/04, 15:52:48.704, 245614639253, vstest.console.dll, AssemblyResolver.OnResolve: Microsoft.Diagnostics.NETCore.Client: Loading assembly 'C:\Program Files\dotnet\sdk\5.0.401\Extensions\Microsoft.Diagnostics.NETCore.Client.dll'.
TpTrace Information: 0 : 81736, 1, 2021/11/04, 15:52:48.708, 245614673702, vstest.console.dll, AssemblyResolver.OnResolve: Resolved assembly: Microsoft.Diagnostics.NETCore.Client, from path: C:\Program Files\dotnet\sdk\5.0.401\Extensions\Microsoft.Diagnostics.NETCore.Client.dll
TpTrace Information: 0 : 81736, 1, 2021/11/04, 15:52:48.713, 245614723488, vstest.console.dll, AssemblyResolver.OnResolve: Microsoft.Bcl.AsyncInterfaces: Resolving assembly.
TpTrace Information: 0 : 81736, 1, 2021/11/04, 15:52:48.713, 245614725991, vstest.console.dll, AssemblyResolver.OnResolve: Microsoft.Bcl.AsyncInterfaces: Searching in: 'C:\Program Files\dotnet\sdk\5.0.401\Extensions'.
TpTrace Information: 0 : 81736, 1, 2021/11/04, 15:52:48.713, 245614729167, vstest.console.dll, AssemblyResolver.OnResolve: Microsoft.Bcl.AsyncInterfaces: Assembly path does not exist: 'C:\Program Files\dotnet\sdk\5.0.401\Extensions\Microsoft.Bcl.AsyncInterfaces.dll', returning.
TpTrace Information: 0 : 81736, 1, 2021/11/04, 15:52:48.714, 245614731946, vstest.console.dll, AssemblyResolver.OnResolve: Microsoft.Bcl.AsyncInterfaces: Assembly path does not exist: 'C:\Program Files\dotnet\sdk\5.0.401\Extensions\Microsoft.Bcl.AsyncInterfaces.exe', returning.
TpTrace Information: 0 : 81736, 1, 2021/11/04, 15:52:48.714, 245614733561, vstest.console.dll, AssemblyResolver.OnResolve: Microsoft.Bcl.AsyncInterfaces: Searching in: 'C:\Program Files\dotnet\sdk\5.0.401'.
TpTrace Information: 0 : 81736, 1, 2021/11/04, 15:52:48.714, 245614735609, vstest.console.dll, AssemblyResolver.OnResolve: Microsoft.Bcl.AsyncInterfaces: Assembly path does not exist: 'C:\Program Files\dotnet\sdk\5.0.401\Microsoft.Bcl.AsyncInterfaces.dll', returning.
TpTrace Information: 0 : 81736, 1, 2021/11/04, 15:52:48.714, 245614737615, vstest.console.dll, AssemblyResolver.OnResolve: Microsoft.Bcl.AsyncInterfaces: Assembly path does not exist: 'C:\Program Files\dotnet\sdk\5.0.401\Microsoft.Bcl.AsyncInterfaces.exe', returning.
TpTrace Information: 0 : 81736, 1, 2021/11/04, 15:52:48.715, 245614739244, vstest.console.dll, AssemblyResolver.OnResolve: Microsoft.Bcl.AsyncInterfaces: Failed to load assembly.
TpTrace Verbose: 0 : 81736, 1, 2021/11/04, 15:52:48.715, 245614740808, vstest.console.dll, CurrentDomainAssemblyResolve: Resolving assembly 'Microsoft.Bcl.AsyncInterfaces'.
TpTrace Information: 0 : 81736, 1, 2021/11/04, 15:52:48.715, 245614742408, vstest.console.dll, AssemblyResolver.OnResolve: Microsoft.Bcl.AsyncInterfaces: Resolving assembly.
TpTrace Information: 0 : 81736, 1, 2021/11/04, 15:52:48.715, 245614743685, vstest.console.dll, AssemblyResolver.OnResolve: Microsoft.Bcl.AsyncInterfaces: Resolved from cache.
TpTrace Verbose: 0 : 81736, 1, 2021/11/04, 15:52:48.715, 245614744861, vstest.console.dll, CurrentDomainAssemblyResolve: Resolving assembly 'Microsoft.Bcl.AsyncInterfaces'.
TpTrace Verbose: 0 : 81736, 1, 2021/11/04, 15:52:48.715, 245614746092, vstest.console.dll, CurrentDomainAssemblyResolve: Failed to resolve assembly 'Microsoft.Bcl.AsyncInterfaces'.
TpTrace Verbose: 0 : 81736, 1, 2021/11/04, 15:52:48.717, 245614760000, vstest.console.dll, CurrentDomainAssemblyResolve: Failed to resolve assembly 'Microsoft.Bcl.AsyncInterfaces'.
TpTrace Warning: 0 : 81736, 1, 2021/11/04, 15:52:48.766, 245615251228, vstest.console.dll, TestPluginDiscoverer: Failed to get types from assembly 'Microsoft.Diagnostics.NETCore.Client, Version=0.2.2.41902, Culture=neutral, PublicKeyToken=31bf3856ad364e35'.  Skipping test extension scan for this assembly.  Error: System.Reflection.ReflectionTypeLoadException: Unable to load one or more of the requested types.
Could not load file or assembly 'Microsoft.Bcl.AsyncInterfaces, Version=1.0.0.0, Culture=neutral, PublicKeyToken=cc7b13ffcd2ddd51'. The system cannot find the file specified.
   at System.Reflection.RuntimeModule.GetTypes(RuntimeModule module)
   at System.Reflection.RuntimeModule.GetTypes()
   at System.Reflection.Assembly.GetTypes()
   at Microsoft.VisualStudio.TestPlatform.Common.ExtensionFramework.TestPluginDiscoverer.GetTestExtensionsFromAssembly[TPluginInfo,TExtension](Assembly assembly, Dictionary`2 pluginInfos)
System.IO.FileNotFoundException: Could not load file or assembly 'Microsoft.Bcl.AsyncInterfaces, Version=1.0.0.0, Culture=neutral, PublicKeyToken=cc7b13ffcd2ddd51'. The system cannot find the file specified.
File name: 'Microsoft.Bcl.AsyncInterfaces, Version=1.0.0.0, Culture=neutral, PublicKeyToken=cc7b13ffcd2ddd51'
TpTrace Warning: 0 : 81736, 1, 2021/11/04, 15:52:48.766, 245615253302, vstest.console.dll, LoaderExceptions: System.IO.FileNotFoundException: Could not load file or assembly 'Microsoft.Bcl.AsyncInterfaces, Version=1.0.0.0, Culture=neutral, PublicKeyToken=cc7b13ffcd2ddd51'. The system cannot find the file specified.
File name: 'Microsoft.Bcl.AsyncInterfaces, Version=1.0.0.0, Culture=neutral, PublicKeyToken=cc7b13ffcd2ddd51'
TpTrace Information: 0 : 81736, 1, 2021/11/04, 15:52:48.766, 245615255263, vstest.console.dll, AssemblyResolver.OnResolve: Microsoft.TestPlatform.Extensions.BlameDataCollector: Resolving assembly.
TpTrace Information: 0 : 81736, 1, 2021/11/04, 15:52:48.766, 245615256508, vstest.console.dll, AssemblyResolver.OnResolve: Microsoft.TestPlatform.Extensions.BlameDataCollector: Searching in: 'C:\Program Files\dotnet\sdk\5.0.401\Extensions'.
TpTrace Information: 0 : 81736, 1, 2021/11/04, 15:52:48.767, 245615267777, vstest.console.dll, AssemblyResolver.OnResolve: Microsoft.TestPlatform.Extensions.BlameDataCollector: Loading assembly 'C:\Program Files\dotnet\sdk\5.0.401\Extensions\Microsoft.TestPlatform.Extensions.BlameDataCollector.dll'.
TpTrace Information: 0 : 81736, 1, 2021/11/04, 15:52:48.770, 245615298319, vstest.console.dll, AssemblyResolver.OnResolve: Resolved assembly: Microsoft.TestPlatform.Extensions.BlameDataCollector, from path: C:\Program Files\dotnet\sdk\5.0.401\Extensions\Microsoft.TestPlatform.Extensions.BlameDataCollector.dll
TpTrace Information: 0 : 81736, 1, 2021/11/04, 15:52:48.773, 245615319393, vstest.console.dll, AssemblyResolver.OnResolve: Microsoft.TestPlatform.Extensions.EventLogCollector: Resolving assembly.
TpTrace Information: 0 : 81736, 1, 2021/11/04, 15:52:48.773, 245615321492, vstest.console.dll, AssemblyResolver.OnResolve: Microsoft.TestPlatform.Extensions.EventLogCollector: Searching in: 'C:\Program Files\dotnet\sdk\5.0.401\Extensions'.
TpTrace Information: 0 : 81736, 1, 2021/11/04, 15:52:48.774, 245615334317, vstest.console.dll, AssemblyResolver.OnResolve: Microsoft.TestPlatform.Extensions.EventLogCollector: Loading assembly 'C:\Program Files\dotnet\sdk\5.0.401\Extensions\Microsoft.TestPlatform.Extensions.EventLogCollector.dll'.
TpTrace Information: 0 : 81736, 1, 2021/11/04, 15:52:48.775, 245615345894, vstest.console.dll, AssemblyResolver.OnResolve: Resolved assembly: Microsoft.TestPlatform.Extensions.EventLogCollector, from path: C:\Program Files\dotnet\sdk\5.0.401\Extensions\Microsoft.TestPlatform.Extensions.EventLogCollector.dll
TpTrace Information: 0 : 81736, 1, 2021/11/04, 15:52:48.780, 245615397404, vstest.console.dll, AssemblyResolver.OnResolve: Microsoft.TestPlatform.TestHostRuntimeProvider: Resolving assembly.
TpTrace Information: 0 : 81736, 1, 2021/11/04, 15:52:48.781, 245615400404, vstest.console.dll, AssemblyResolver.OnResolve: Microsoft.TestPlatform.TestHostRuntimeProvider: Searching in: 'C:\Program Files\dotnet\sdk\5.0.401\Extensions'.
TpTrace Information: 0 : 81736, 1, 2021/11/04, 15:52:48.783, 245615426994, vstest.console.dll, AssemblyResolver.OnResolve: Microsoft.TestPlatform.TestHostRuntimeProvider: Loading assembly 'C:\Program Files\dotnet\sdk\5.0.401\Extensions\Microsoft.TestPlatform.TestHostRuntimeProvider.dll'.
TpTrace Information: 0 : 81736, 1, 2021/11/04, 15:52:48.786, 245615453526, vstest.console.dll, AssemblyResolver.OnResolve: Resolved assembly: Microsoft.TestPlatform.TestHostRuntimeProvider, from path: C:\Program Files\dotnet\sdk\5.0.401\Extensions\Microsoft.TestPlatform.TestHostRuntimeProvider.dll
TpTrace Information: 0 : 81736, 1, 2021/11/04, 15:52:48.788, 245615476539, vstest.console.dll, AssemblyResolver.OnResolve: Microsoft.VisualStudio.TestPlatform.Extensions.Html.TestLogger: Resolving assembly.
TpTrace Information: 0 : 81736, 1, 2021/11/04, 15:52:48.788, 245615479074, vstest.console.dll, AssemblyResolver.OnResolve: Microsoft.VisualStudio.TestPlatform.Extensions.Html.TestLogger: Searching in: 'C:\Program Files\dotnet\sdk\5.0.401\Extensions'.
TpTrace Information: 0 : 81736, 1, 2021/11/04, 15:52:48.790, 245615492533, vstest.console.dll, AssemblyResolver.OnResolve: Microsoft.VisualStudio.TestPlatform.Extensions.Html.TestLogger: Loading assembly 'C:\Program Files\dotnet\sdk\5.0.401\Extensions\Microsoft.VisualStudio.TestPlatform.Extensions.Html.TestLogger.dll'.
TpTrace Information: 0 : 81736, 1, 2021/11/04, 15:52:48.792, 245615519272, vstest.console.dll, AssemblyResolver.OnResolve: Resolved assembly: Microsoft.VisualStudio.TestPlatform.Extensions.Html.TestLogger, from path: C:\Program Files\dotnet\sdk\5.0.401\Extensions\Microsoft.VisualStudio.TestPlatform.Extensions.Html.TestLogger.dll
TpTrace Information: 0 : 81736, 1, 2021/11/04, 15:52:48.793, 245615527135, vstest.console.dll, AssemblyResolver.OnResolve: Microsoft.VisualStudio.TestPlatform.Extensions.Trx.TestLogger: Resolving assembly.
TpTrace Information: 0 : 81736, 1, 2021/11/04, 15:52:48.794, 245615529810, vstest.console.dll, AssemblyResolver.OnResolve: Microsoft.VisualStudio.TestPlatform.Extensions.Trx.TestLogger: Searching in: 'C:\Program Files\dotnet\sdk\5.0.401\Extensions'.
TpTrace Information: 0 : 81736, 1, 2021/11/04, 15:52:48.796, 245615558598, vstest.console.dll, AssemblyResolver.OnResolve: Microsoft.VisualStudio.TestPlatform.Extensions.Trx.TestLogger: Loading assembly 'C:\Program Files\dotnet\sdk\5.0.401\Extensions\Microsoft.VisualStudio.TestPlatform.Extensions.Trx.TestLogger.dll'.
TpTrace Information: 0 : 81736, 1, 2021/11/04, 15:52:48.801, 245615609261, vstest.console.dll, AssemblyResolver.OnResolve: Resolved assembly: Microsoft.VisualStudio.TestPlatform.Extensions.Trx.TestLogger, from path: C:\Program Files\dotnet\sdk\5.0.401\Extensions\Microsoft.VisualStudio.TestPlatform.Extensions.Trx.TestLogger.dll
TpTrace Verbose: 0 : 81736, 1, 2021/11/04, 15:52:48.804, 245615635110, vstest.console.dll, TestPluginCache: Discovered the extensions using extension path ''.
TpTrace Verbose: 0 : 81736, 1, 2021/11/04, 15:52:48.804, 245615637632, vstest.console.dll, TestPluginCache: Discoverers are ''.
TpTrace Verbose: 0 : 81736, 1, 2021/11/04, 15:52:48.804, 245615639232, vstest.console.dll, TestPluginCache: Executors are ''.
TpTrace Verbose: 0 : 81736, 1, 2021/11/04, 15:52:48.805, 245615640746, vstest.console.dll, TestPluginCache: Executors2 are ''.
TpTrace Verbose: 0 : 81736, 1, 2021/11/04, 15:52:48.805, 245615642120, vstest.console.dll, TestPluginCache: Setting providers are ''.
TpTrace Verbose: 0 : 81736, 1, 2021/11/04, 15:52:48.805, 245615643781, vstest.console.dll, TestPluginCache: Loggers are ''.
TpTrace Information: 0 : 81736, 1, 2021/11/04, 15:52:48.814, 245615734382, vstest.console.dll, RunTestsArgumentProcessor:Execute: Test run is starting.
TpTrace Verbose: 0 : 81736, 1, 2021/11/04, 15:52:48.814, 245615736185, vstest.console.dll, RunTestsArgumentProcessor:Execute: Queuing Test run.
TpTrace Information: 0 : 81736, 1, 2021/11/04, 15:52:48.815, 245615740087, vstest.console.dll, TestRequestManager.RunTests: run tests started.
TpTrace Information: 0 : 81736, 1, 2021/11/04, 15:52:48.819, 245615783830, vstest.console.dll, AssemblyMetadataProvider.GetFrameWork: Determined framework:'.NETCoreApp,Version=v3.1' for source: 'C:\Users\NewportG\source\Azure\FunctionMonkey\FMLottery\FMLottery.CamalotTests\bin\Debug\netcoreapp3.1\fine-code-coverage\build-output\FMLottery.CamalotTests.dll'
TpTrace Information: 0 : 81736, 1, 2021/11/04, 15:52:48.819, 245615786777, vstest.console.dll, Determined framework for all sources: .NETCoreApp,Version=v3.1
TpTrace Information: 0 : 81736, 1, 2021/11/04, 15:52:48.820, 245615792424, vstest.console.dll, AssemblyMetadataProvider.GetArchitecture: Determined architecture:AnyCPU info for assembly: C:\Users\NewportG\source\Azure\FunctionMonkey\FMLottery\FMLottery.CamalotTests\bin\Debug\netcoreapp3.1\fine-code-coverage\build-output\FMLottery.CamalotTests.dll
TpTrace Information: 0 : 81736, 1, 2021/11/04, 15:52:48.822, 245615812098, vstest.console.dll, Determined platform for all sources: X64
TpTrace Information: 0 : 81736, 1, 2021/11/04, 15:52:48.825, 245615840246, vstest.console.dll, Compatible sources list : 
TpTrace Information: 0 : 81736, 1, 2021/11/04, 15:52:48.825, 245615842068, vstest.console.dll, C:\Users\NewportG\source\Azure\FunctionMonkey\FMLottery\FMLottery.CamalotTests\bin\Debug\netcoreapp3.1\fine-code-coverage\build-output\FMLottery.CamalotTests.dll
TpTrace Information: 0 : 81736, 1, 2021/11/04, 15:52:48.827, 245615864451, vstest.console.dll, InferRunSettingsHelper.IsTestSettingsEnabled: Unable to navigate to RunSettings/MSTest. Current node: RunSettings
TpTrace Information: 0 : 81736, 1, 2021/11/04, 15:52:48.828, 245615872724, vstest.console.dll, AssemblyResolver.OnResolve: Microsoft.VisualStudio.TestPlatform.Fakes: Resolving assembly.
TpTrace Information: 0 : 81736, 1, 2021/11/04, 15:52:48.828, 245615874323, vstest.console.dll, AssemblyResolver.OnResolve: Microsoft.VisualStudio.TestPlatform.Fakes: Searching in: 'C:\Program Files\dotnet\sdk\5.0.401\Extensions'.
TpTrace Information: 0 : 81736, 1, 2021/11/04, 15:52:48.828, 245615876854, vstest.console.dll, AssemblyResolver.OnResolve: Microsoft.VisualStudio.TestPlatform.Fakes: Assembly path does not exist: 'C:\Program Files\dotnet\sdk\5.0.401\Extensions\Microsoft.VisualStudio.TestPlatform.Fakes.dll', returning.
TpTrace Information: 0 : 81736, 1, 2021/11/04, 15:52:48.828, 245615878874, vstest.console.dll, AssemblyResolver.OnResolve: Microsoft.VisualStudio.TestPlatform.Fakes: Assembly path does not exist: 'C:\Program Files\dotnet\sdk\5.0.401\Extensions\Microsoft.VisualStudio.TestPlatform.Fakes.exe', returning.
TpTrace Information: 0 : 81736, 1, 2021/11/04, 15:52:48.829, 245615881441, vstest.console.dll, AssemblyResolver.OnResolve: Microsoft.VisualStudio.TestPlatform.Fakes: Searching in: 'C:\Program Files\dotnet\sdk\5.0.401'.
TpTrace Information: 0 : 81736, 1, 2021/11/04, 15:52:48.829, 245615883854, vstest.console.dll, AssemblyResolver.OnResolve: Microsoft.VisualStudio.TestPlatform.Fakes: Assembly path does not exist: 'C:\Program Files\dotnet\sdk\5.0.401\Microsoft.VisualStudio.TestPlatform.Fakes.dll', returning.
TpTrace Information: 0 : 81736, 1, 2021/11/04, 15:52:48.829, 245615885819, vstest.console.dll, AssemblyResolver.OnResolve: Microsoft.VisualStudio.TestPlatform.Fakes: Assembly path does not exist: 'C:\Program Files\dotnet\sdk\5.0.401\Microsoft.VisualStudio.TestPlatform.Fakes.exe', returning.
TpTrace Information: 0 : 81736, 1, 2021/11/04, 15:52:48.829, 245615887024, vstest.console.dll, AssemblyResolver.OnResolve: Microsoft.VisualStudio.TestPlatform.Fakes: Failed to load assembly.
TpTrace Information: 0 : 81736, 1, 2021/11/04, 15:52:48.830, 245615893445, vstest.console.dll, Failed to create newly implemented Fakes Configurator. Reason:System.IO.FileNotFoundException: Could not load file or assembly 'Microsoft.VisualStudio.TestPlatform.Fakes, Version=16.0.0.0, Culture=neutral, PublicKeyToken=null'. The system cannot find the file specified.
File name: 'Microsoft.VisualStudio.TestPlatform.Fakes, Version=16.0.0.0, Culture=neutral, PublicKeyToken=null'
   at System.Reflection.RuntimeAssembly.InternalLoad(ObjectHandleOnStack assemblyName, ObjectHandleOnStack requestingAssembly, StackCrawlMarkHandle stackMark, Boolean throwOnFileNotFound, ObjectHandleOnStack assemblyLoadContext, ObjectHandleOnStack retAssembly)
   at System.Reflection.RuntimeAssembly.InternalLoad(AssemblyName assemblyName, RuntimeAssembly requestingAssembly, StackCrawlMark& stackMark, Boolean throwOnFileNotFound, AssemblyLoadContext assemblyLoadContext)
   at System.Reflection.Assembly.Load(AssemblyName assemblyRef)
   at Microsoft.VisualStudio.TestPlatform.Common.Utilities.FakesUtilities.TryGetFakesCrossPlatformDataCollectorConfigurator() 
TpTrace Verbose: 0 : 81736, 1, 2021/11/04, 15:52:48.836, 245615957724, vstest.console.dll, TestPluginCache.DiscoverTestExtensions: finding test extensions in assemblies ends with: TestLogger.dll TPluginInfo: Microsoft.VisualStudio.TestPlatform.Common.ExtensionFramework.Utilities.TestLoggerPluginInformation TExtension: Microsoft.VisualStudio.TestPlatform.ObjectModel.Client.ITestLogger
TpTrace Verbose: 0 : 81736, 1, 2021/11/04, 15:52:48.837, 245615960093, vstest.console.dll, TestPluginCache.GetExtensionPaths: Filtered extension paths: 
TpTrace Verbose: 0 : 81736, 1, 2021/11/04, 15:52:48.837, 245615961360, vstest.console.dll, TestPluginCache.GetExtensionPaths: Added default extension paths: C:\Program Files\dotnet\sdk\5.0.401\Extensions\Microsoft.Diagnostics.NETCore.Client.dll
C:\Program Files\dotnet\sdk\5.0.401\Extensions\Microsoft.TestPlatform.Extensions.BlameDataCollector.dll
C:\Program Files\dotnet\sdk\5.0.401\Extensions\Microsoft.TestPlatform.Extensions.EventLogCollector.dll
C:\Program Files\dotnet\sdk\5.0.401\Extensions\Microsoft.TestPlatform.TestHostRuntimeProvider.dll
C:\Program Files\dotnet\sdk\5.0.401\Extensions\Microsoft.VisualStudio.TestPlatform.Extensions.Html.TestLogger.dll
C:\Program Files\dotnet\sdk\5.0.401\Extensions\Microsoft.VisualStudio.TestPlatform.Extensions.Trx.TestLogger.dll
TpTrace Verbose: 0 : 81736, 1, 2021/11/04, 15:52:48.837, 245615962552, vstest.console.dll, TestPluginCache.GetExtensionPaths: Added unfilterableExtensionPaths: 
TpTrace Information: 0 : 81736, 1, 2021/11/04, 15:52:48.837, 245615965608, vstest.console.dll, AssemblyResolver.AddSearchDirectories: Adding more searchDirectories C:\Program Files\dotnet\sdk\5.0.401\Extensions,C:\Program Files\dotnet\sdk\5.0.401
TpTrace Verbose: 0 : 81736, 1, 2021/11/04, 15:52:48.837, 245615966965, vstest.console.dll, TestPluginCache.DiscoverTestExtensions: Discovering the extensions using extension path.
TpTrace Verbose: 0 : 81736, 1, 2021/11/04, 15:52:48.837, 245615968538, vstest.console.dll, TestPluginCache.GetExtensionPaths: Filtered extension paths: 
TpTrace Verbose: 0 : 81736, 1, 2021/11/04, 15:52:48.838, 245615970413, vstest.console.dll, TestPluginCache.GetExtensionPaths: Added default extension paths: C:\Program Files\dotnet\sdk\5.0.401\Extensions\Microsoft.Diagnostics.NETCore.Client.dll
C:\Program Files\dotnet\sdk\5.0.401\Extensions\Microsoft.TestPlatform.Extensions.BlameDataCollector.dll
C:\Program Files\dotnet\sdk\5.0.401\Extensions\Microsoft.TestPlatform.Extensions.EventLogCollector.dll
C:\Program Files\dotnet\sdk\5.0.401\Extensions\Microsoft.TestPlatform.TestHostRuntimeProvider.dll
C:\Program Files\dotnet\sdk\5.0.401\Extensions\Microsoft.VisualStudio.TestPlatform.Extensions.Html.TestLogger.dll
C:\Program Files\dotnet\sdk\5.0.401\Extensions\Microsoft.VisualStudio.TestPlatform.Extensions.Trx.TestLogger.dll
TpTrace Verbose: 0 : 81736, 1, 2021/11/04, 15:52:48.838, 245615971902, vstest.console.dll, TestPluginCache.GetExtensionPaths: Added unfilterableExtensionPaths: 
TpTrace Verbose: 0 : 81736, 1, 2021/11/04, 15:52:48.838, 245615973116, vstest.console.dll, TestPluginCache.DiscoverTestExtensions: Discovering the extensions using allExtensionPaths: C:\Program Files\dotnet\sdk\5.0.401\Extensions\Microsoft.Diagnostics.NETCore.Client.dll
C:\Program Files\dotnet\sdk\5.0.401\Extensions\Microsoft.TestPlatform.Extensions.BlameDataCollector.dll
C:\Program Files\dotnet\sdk\5.0.401\Extensions\Microsoft.TestPlatform.Extensions.EventLogCollector.dll
C:\Program Files\dotnet\sdk\5.0.401\Extensions\Microsoft.TestPlatform.TestHostRuntimeProvider.dll
C:\Program Files\dotnet\sdk\5.0.401\Extensions\Microsoft.VisualStudio.TestPlatform.Extensions.Html.TestLogger.dll
C:\Program Files\dotnet\sdk\5.0.401\Extensions\Microsoft.VisualStudio.TestPlatform.Extensions.Trx.TestLogger.dll
TpTrace Information: 0 : 81736, 1, 2021/11/04, 15:52:48.838, 245615974411, vstest.console.dll, AssemblyResolver.AddSearchDirectories: Adding more searchDirectories C:\Program Files\dotnet\sdk\5.0.401\Extensions,C:\Program Files\dotnet\sdk\5.0.401
TpTrace Information: 0 : 81736, 1, 2021/11/04, 15:52:48.838, 245615975623, vstest.console.dll, AssemblyResolver.AddSearchDirectories: Adding more searchDirectories C:\Program Files\dotnet\sdk\5.0.401\Extensions,C:\Program Files\dotnet\sdk\5.0.401
TpTrace Information: 0 : 81736, 1, 2021/11/04, 15:52:48.838, 245615976732, vstest.console.dll, AssemblyResolver.AddSearchDirectories: Adding more searchDirectories C:\Program Files\dotnet\sdk\5.0.401\Extensions,C:\Program Files\dotnet\sdk\5.0.401
TpTrace Information: 0 : 81736, 1, 2021/11/04, 15:52:48.838, 245615977857, vstest.console.dll, AssemblyResolver.AddSearchDirectories: Adding more searchDirectories C:\Program Files\dotnet\sdk\5.0.401\Extensions,C:\Program Files\dotnet\sdk\5.0.401
TpTrace Information: 0 : 81736, 1, 2021/11/04, 15:52:48.838, 245615978987, vstest.console.dll, AssemblyResolver.AddSearchDirectories: Adding more searchDirectories C:\Program Files\dotnet\sdk\5.0.401\Extensions,C:\Program Files\dotnet\sdk\5.0.401
TpTrace Information: 0 : 81736, 1, 2021/11/04, 15:52:48.839, 245615980309, vstest.console.dll, AssemblyResolver.AddSearchDirectories: Adding more searchDirectories C:\Program Files\dotnet\sdk\5.0.401\Extensions,C:\Program Files\dotnet\sdk\5.0.401
TpTrace Information: 0 : 81736, 1, 2021/11/04, 15:52:48.839, 245615983717, vstest.console.dll, AssemblyResolver.OnResolve: Microsoft.Bcl.AsyncInterfaces: Resolving assembly.
TpTrace Information: 0 : 81736, 1, 2021/11/04, 15:52:48.839, 245615984996, vstest.console.dll, AssemblyResolver.OnResolve: Microsoft.Bcl.AsyncInterfaces: Resolved from cache.
TpTrace Verbose: 0 : 81736, 1, 2021/11/04, 15:52:48.839, 245615986147, vstest.console.dll, CurrentDomainAssemblyResolve: Resolving assembly 'Microsoft.Bcl.AsyncInterfaces'.
TpTrace Information: 0 : 81736, 1, 2021/11/04, 15:52:48.839, 245615987491, vstest.console.dll, AssemblyResolver.OnResolve: Microsoft.Bcl.AsyncInterfaces: Resolving assembly.
TpTrace Information: 0 : 81736, 1, 2021/11/04, 15:52:48.839, 245615989063, vstest.console.dll, AssemblyResolver.OnResolve: Microsoft.Bcl.AsyncInterfaces: Resolved from cache.
TpTrace Verbose: 0 : 81736, 1, 2021/11/04, 15:52:48.840, 245615991022, vstest.console.dll, CurrentDomainAssemblyResolve: Resolving assembly 'Microsoft.Bcl.AsyncInterfaces'.
TpTrace Verbose: 0 : 81736, 1, 2021/11/04, 15:52:48.840, 245615992230, vstest.console.dll, CurrentDomainAssemblyResolve: Failed to resolve assembly 'Microsoft.Bcl.AsyncInterfaces'.
TpTrace Verbose: 0 : 81736, 1, 2021/11/04, 15:52:48.840, 245615995675, vstest.console.dll, CurrentDomainAssemblyResolve: Failed to resolve assembly 'Microsoft.Bcl.AsyncInterfaces'.
TpTrace Warning: 0 : 81736, 1, 2021/11/04, 15:52:48.841, 245616002019, vstest.console.dll, TestPluginDiscoverer: Failed to get types from assembly 'Microsoft.Diagnostics.NETCore.Client, Version=0.2.2.41902, Culture=neutral, PublicKeyToken=31bf3856ad364e35'.  Skipping test extension scan for this assembly.  Error: System.Reflection.ReflectionTypeLoadException: Unable to load one or more of the requested types.
Could not load file or assembly 'Microsoft.Bcl.AsyncInterfaces, Version=1.0.0.0, Culture=neutral, PublicKeyToken=cc7b13ffcd2ddd51'. The system cannot find the file specified.
   at System.Reflection.RuntimeModule.GetTypes(RuntimeModule module)
   at System.Reflection.RuntimeModule.GetTypes()
   at System.Reflection.Assembly.GetTypes()
   at Microsoft.VisualStudio.TestPlatform.Common.ExtensionFramework.TestPluginDiscoverer.GetTestExtensionsFromAssembly[TPluginInfo,TExtension](Assembly assembly, Dictionary`2 pluginInfos)
System.IO.FileNotFoundException: Could not load file or assembly 'Microsoft.Bcl.AsyncInterfaces, Version=1.0.0.0, Culture=neutral, PublicKeyToken=cc7b13ffcd2ddd51'. The system cannot find the file specified.
File name: 'Microsoft.Bcl.AsyncInterfaces, Version=1.0.0.0, Culture=neutral, PublicKeyToken=cc7b13ffcd2ddd51'
TpTrace Warning: 0 : 81736, 1, 2021/11/04, 15:52:48.841, 245616003395, vstest.console.dll, LoaderExceptions: System.IO.FileNotFoundException: Could not load file or assembly 'Microsoft.Bcl.AsyncInterfaces, Version=1.0.0.0, Culture=neutral, PublicKeyToken=cc7b13ffcd2ddd51'. The system cannot find the file specified.
File name: 'Microsoft.Bcl.AsyncInterfaces, Version=1.0.0.0, Culture=neutral, PublicKeyToken=cc7b13ffcd2ddd51'
TpTrace Verbose: 0 : 81736, 1, 2021/11/04, 15:52:48.841, 245616007986, vstest.console.dll, TestPluginCache: Discovered the extensions using extension path ''.
TpTrace Verbose: 0 : 81736, 1, 2021/11/04, 15:52:48.842, 245616009237, vstest.console.dll, TestPluginCache: Discoverers are ''.
TpTrace Verbose: 0 : 81736, 1, 2021/11/04, 15:52:48.842, 245616010502, vstest.console.dll, TestPluginCache: Executors are ''.
TpTrace Verbose: 0 : 81736, 1, 2021/11/04, 15:52:48.842, 245616011674, vstest.console.dll, TestPluginCache: Executors2 are ''.
TpTrace Verbose: 0 : 81736, 1, 2021/11/04, 15:52:48.842, 245616012729, vstest.console.dll, TestPluginCache: Setting providers are ''.
TpTrace Verbose: 0 : 81736, 1, 2021/11/04, 15:52:48.842, 245616014259, vstest.console.dll, TestPluginCache: Loggers are 'logger://Microsoft/TestPlatform/Extensions/Blame/v1,logger://Microsoft/TestPlatform/HtmlLogger/v1,logger://Microsoft/TestPlatform/TrxLogger/v1'.
TpTrace Information: 0 : 81736, 1, 2021/11/04, 15:52:48.843, 245616022213, vstest.console.dll, TestPluginManager.CreateTestExtension: Attempting to load test extension: Microsoft.TestPlatform.Extensions.BlameDataCollector.BlameLogger
TpTrace Information: 0 : 81736, 1, 2021/11/04, 15:52:48.853, 245616123589, vstest.console.dll, TestPluginManager.CreateTestExtension: Attempting to load test extension: Microsoft.VisualStudio.TestPlatform.CrossPlatEngine.Hosting.DefaultTestHostManager
TpTrace Information: 0 : 81736, 1, 2021/11/04, 15:52:48.853, 245616127655, vstest.console.dll, TestPluginManager.CreateTestExtension: Attempting to load test extension: Microsoft.VisualStudio.TestPlatform.CrossPlatEngine.Hosting.DotnetTestHostManager
TpTrace Verbose: 0 : 81736, 1, 2021/11/04, 15:52:48.854, 245616137649, vstest.console.dll, TestEngine: Initializing Parallel Execution as MaxCpuCount is set to: 1
TpTrace Information: 0 : 81736, 1, 2021/11/04, 15:52:48.856, 245616152412, vstest.console.dll, InferRunSettingsHelper.IsTestSettingsEnabled: Unable to navigate to RunSettings/MSTest. Current node: RunSettings
TpTrace Verbose: 0 : 81736, 1, 2021/11/04, 15:52:48.907, 245616666988, vstest.console.dll, TestRequestSender is acting as server
TpTrace Verbose: 0 : 81736, 4, 2021/11/04, 15:52:48.911, 245616707103, vstest.console.dll, DataCollectionRequestSender.InitializeCommunication : Initialize communication. 
TpTrace Information: 0 : 81736, 4, 2021/11/04, 15:52:48.942, 245617014035, vstest.console.dll, Listening on Endpoint : 127.0.0.1:25451
TpTrace Verbose: 0 : 81736, 4, 2021/11/04, 15:52:48.953, 245617124180, vstest.console.dll, DotnetDataCollectionLauncher: Full path of dotnet.exe is C:\Program Files\dotnet\dotnet.exe
TpTrace Verbose: 0 : 81736, 4, 2021/11/04, 15:52:48.954, 245617129806, vstest.console.dll, DotnetDataCollectionLauncher: Adding  --runtimeconfig "C:\Program Files\dotnet\sdk\5.0.401\datacollector.runtimeconfig.json" in args
TpTrace Verbose: 0 : 81736, 4, 2021/11/04, 15:52:48.954, 245617132814, vstest.console.dll, DotnetDataCollectionLauncher: Adding  --depsfile "C:\Program Files\dotnet\sdk\5.0.401\datacollector.deps.json" in args
TpTrace Information: 0 : 81736, 4, 2021/11/04, 15:52:48.968, 245617273736, vstest.console.dll, ProxyDataCollectionManager.Initialize: Launched datacollector processId: 65556 port: 25451
TpTrace Information: 0 : 81736, 4, 2021/11/04, 15:52:48.968, 245617277233, vstest.console.dll, ProxyDataCollectionManager.Initialize: waiting for connection with timeout: 90 seconds
TpTrace Verbose: 0 : 81736, 4, 2021/11/04, 15:52:48.969, 245617279739, vstest.console.dll, DataCollectionRequestSender.WaitForRequestHandlerConnection : Waiting for connection with timeout: 90000
TpTrace Information: 0 : 81736, 7, 2021/11/04, 15:52:49.674, 245624334659, vstest.console.dll, Using the buffer size of 16384 bytes
TpTrace Verbose: 0 : 81736, 4, 2021/11/04, 15:52:49.674, 245624335504, vstest.console.dll, ProxyDataCollectionManager.InvokeDataCollectionServiceAction: Starting.
TpTrace Information: 0 : 81736, 7, 2021/11/04, 15:52:49.674, 245624337645, vstest.console.dll, Accepted Client request and set the flag
TpTrace Information: 0 : 81736, 4, 2021/11/04, 15:52:49.675, 245624340242, vstest.console.dll, ProxyDataCollectionManager.BeforeTestRunStart: Get environment variable and port for datacollector processId: 65556 port: 25451
TpTrace Verbose: 0 : 81736, 4, 2021/11/04, 15:52:49.675, 245624344826, vstest.console.dll, DataCollectionRequestSender.SendBeforeTestRunStartAndGetResult : Send BeforeTestRunStart message with settingsXml <RunSettings><RunConfiguration><ResultsDirectory>C:\Users\NewportG\source\Azure\FunctionMonkey\FMLottery\FMLottery.CamalotTests\bin\Debug\netcoreapp3.1\fine-code-coverage\coverage-tool-output</ResultsDirectory><TargetPlatform>X64</TargetPlatform><TargetFrameworkVersion>.NETCoreApp,Version=v3.1</TargetFrameworkVersion><DesignMode>False</DesignMode><CollectSourceInformation>False</CollectSourceInformation><TestAdaptersPaths>C:\Program Files\dotnet\sdk\5.0.401\Extensions</TestAdaptersPaths></RunConfiguration><LoggerRunSettings><Loggers><Logger friendlyName="blame" enabled="True" /><Logger friendlyName="Console" uri="logger://microsoft/TestPlatform/ConsoleLogger/v1" assemblyQualifiedName="Microsoft.VisualStudio.TestPlatform.CommandLine.Internal.ConsoleLogger, vstest.console, Version=15.0.0.0, Culture=neutral, PublicKeyToken=b03f5f7f11d50a3a" codeBase="C:\Program Files\dotnet\sdk\5.0.401\vstest.console.dll" enabled="True" /></Loggers></LoggerRunSettings><DataCollectionRunSettings><DataCollectors><DataCollector friendlyName="blame" enabled="True"><Configuration><ResultsDirectory>C:\Users\NewportG\source\Azure\FunctionMonkey\FMLottery\FMLottery.CamalotTests\bin\Debug\netcoreapp3.1\fine-code-coverage\coverage-tool-output</ResultsDirectory></Configuration></DataCollector></DataCollectors></DataCollectionRunSettings></RunSettings> and sources System.Linq.Enumerable+Concat2Iterator`1[System.String]: 
TpTrace Verbose: 0 : 81736, 4, 2021/11/04, 15:52:49.897, 245626568442, vstest.console.dll, DataCollectionRequestSender.SendBeforeTestRunStartAndGetResult : Received message: (DataCollection.SendMessage) -> {
  "FriendlyName": null,
  "Uri": null,
  "TestCaseId": "00000000-0000-0000-0000-000000000000",
  "Message": "Logging DataCollector Diagnostics in file: C:\\Users\\NewportG\\source\\Azure\\FunctionMonkey\\FMLottery\\FMLottery.CamalotTests\\bin\\Debug\\netcoreapp3.1\\fine-code-coverage\\coverage-tool-output\\diagnostics.datacollector.21-11-04_15-52-48_95266_4.log",
  "Level": 0
}
TpTrace Verbose: 0 : 81736, 4, 2021/11/04, 15:52:50.066, 245628251576, vstest.console.dll, DataCollectionRequestSender.SendBeforeTestRunStartAndGetResult : Received message: (DataCollection.BeforeTestRunStartResult) -> {
  "EnvironmentVariables": {},
  "DataCollectionEventsPort": 25453
}
TpTrace Information: 0 : 81736, 4, 2021/11/04, 15:52:50.073, 245628326163, vstest.console.dll, ProxyDataCollectionManager.BeforeTestRunStart: SendBeforeTestRunStartAndGetResult successful, env variable from datacollector:   and testhost port: 25453
TpTrace Information: 0 : 81736, 4, 2021/11/04, 15:52:50.073, 245628329122, vstest.console.dll, ProxyDataCollectionManager.InvokeDataCollectionServiceAction: Completed.
TpTrace Verbose: 0 : 81736, 1, 2021/11/04, 15:52:50.074, 245628334557, vstest.console.dll, TestRunRequest.ExecuteAsync: Creating test run request.
TpTrace Verbose: 0 : 81736, 1, 2021/11/04, 15:52:50.075, 245628348521, vstest.console.dll, TestRunRequest.ExecuteAsync: Starting.
TpTrace Information: 0 : 81736, 1, 2021/11/04, 15:52:50.076, 245628358267, vstest.console.dll, TestRunRequest.ExecuteAsync: Starting run with settings:TestRunCriteria:
   KeepAlive=False,FrequencyOfRunStatsChangeEvent=10,RunStatsChangeEventTimeout=00:00:01.5000000,TestCaseFilter=,TestExecutorLauncher=
   Settingsxml=<RunSettings>
  <RunConfiguration>
    <ResultsDirectory>C:\Users\NewportG\source\Azure\FunctionMonkey\FMLottery\FMLottery.CamalotTests\bin\Debug\netcoreapp3.1\fine-code-coverage\coverage-tool-output</ResultsDirectory>
    <TargetPlatform>X64</TargetPlatform>
    <TargetFrameworkVersion>.NETCoreApp,Version=v3.1</TargetFrameworkVersion>
    <DesignMode>False</DesignMode>
    <CollectSourceInformation>False</CollectSourceInformation>
  </RunConfiguration>
  <LoggerRunSettings>
    <Loggers>
      <Logger friendlyName="blame" enabled="True" />
      <Logger friendlyName="Console" uri="logger://microsoft/TestPlatform/ConsoleLogger/v1" assemblyQualifiedName="Microsoft.VisualStudio.TestPlatform.CommandLine.Internal.ConsoleLogger, vstest.console, Version=15.0.0.0, Culture=neutral, PublicKeyToken=b03f5f7f11d50a3a" codeBase="C:\Program Files\dotnet\sdk\5.0.401\vstest.console.dll" enabled="True" />
    </Loggers>
  </LoggerRunSettings>
  <DataCollectionRunSettings>
    <DataCollectors>
      <DataCollector friendlyName="blame" enabled="True">
        <Configuration>
          <ResultsDirectory>C:\Users\NewportG\source\Azure\FunctionMonkey\FMLottery\FMLottery.CamalotTests\bin\Debug\netcoreapp3.1\fine-code-coverage\coverage-tool-output</ResultsDirectory>
        </Configuration>
      </DataCollector>
    </DataCollectors>
  </DataCollectionRunSettings>
</RunSettings>

TpTrace Verbose: 0 : 81736, 1, 2021/11/04, 15:52:50.077, 245628361106, vstest.console.dll, TestRunRequest.ExecuteAsync: Wait for the first run request is over.
TpTrace Verbose: 0 : 81736, 1, 2021/11/04, 15:52:50.078, 245628371721, vstest.console.dll, ParallelProxyExecutionManager: Start execution. Total sources: 1
TpTrace Information: 0 : 81736, 1, 2021/11/04, 15:52:50.079, 245628386836, vstest.console.dll, ProxyParallelExecutionManager: Triggering test run for next source: C:\Users\NewportG\source\Azure\FunctionMonkey\FMLottery\FMLottery.CamalotTests\bin\Debug\netcoreapp3.1\fine-code-coverage\build-output\FMLottery.CamalotTests.dll
TpTrace Verbose: 0 : 81736, 1, 2021/11/04, 15:52:50.080, 245628392576, vstest.console.dll, ProxyParallelExecutionManager: No sources available for execution.
TpTrace Verbose: 0 : 81736, 4, 2021/11/04, 15:52:50.080, 245628392917, vstest.console.dll, ParallelProxyExecutionManager: Execution started. Started clients: 1
TpTrace Information: 0 : 81736, 1, 2021/11/04, 15:52:50.080, 245628395454, vstest.console.dll, TestRunRequest.ExecuteAsync: Started.
TpTrace Verbose: 0 : 81736, 1, 2021/11/04, 15:52:50.081, 245628400922, vstest.console.dll, TestRunRequest.WaitForCompletion: Waiting with timeout -1.
TpTrace Verbose: 0 : 81736, 4, 2021/11/04, 15:52:50.081, 245628402702, vstest.console.dll, TestRunRequest:SendTestRunMessage: Starting.
TpTrace Information: 0 : 81736, 4, 2021/11/04, 15:52:50.081, 245628406662, vstest.console.dll, TestRunRequest:SendTestRunMessage: Completed.
TpTrace Verbose: 0 : 81736, 4, 2021/11/04, 15:52:50.082, 245628412591, vstest.console.dll, ProxyExecutionManager: Test host is always Lazy initialize.
TpTrace Verbose: 0 : 81736, 4, 2021/11/04, 15:52:50.082, 245628418099, vstest.console.dll, TestRequestSender.InitializeCommunication: initialize communication. 
TpTrace Information: 0 : 81736, 4, 2021/11/04, 15:52:50.084, 245628435983, vstest.console.dll, SocketServer.Start: Listening on endpoint : 127.0.0.1:25454
TpTrace Verbose: 0 : 81736, 4, 2021/11/04, 15:52:50.086, 245628451060, vstest.console.dll, DotnetTestHostmanager: Adding  --runtimeconfig "C:\Users\NewportG\source\Azure\FunctionMonkey\FMLottery\FMLottery.CamalotTests\bin\Debug\netcoreapp3.1\fine-code-coverage\build-output\FMLottery.CamalotTests.runtimeconfig.json" in args
TpTrace Verbose: 0 : 81736, 4, 2021/11/04, 15:52:50.086, 245628455601, vstest.console.dll, DotnetTestHostmanager: Adding  --depsfile "C:\Users\NewportG\source\Azure\FunctionMonkey\FMLottery\FMLottery.CamalotTests\bin\Debug\netcoreapp3.1\fine-code-coverage\build-output\FMLottery.CamalotTests.deps.json" in args
TpTrace Verbose: 0 : 81736, 4, 2021/11/04, 15:52:50.087, 245628461400, vstest.console.dll, DotnetTestHostManager: Testhost.exe/testhost.x86.exe found at path: C:\Users\NewportG\source\Azure\FunctionMonkey\FMLottery\FMLottery.CamalotTests\bin\Debug\netcoreapp3.1\fine-code-coverage\build-output\testhost.exe
TpTrace Verbose: 0 : 81736, 4, 2021/11/04, 15:52:50.087, 245628463780, vstest.console.dll, DotnetTestHostmanager: Full path of host exe is C:\Users\NewportG\source\Azure\FunctionMonkey\FMLottery\FMLottery.CamalotTests\bin\Debug\netcoreapp3.1\fine-code-coverage\build-output\testhost.exe
TpTrace Verbose: 0 : 81736, 6, 2021/11/04, 15:52:50.088, 245628477990, vstest.console.dll, DotnetTestHostManager: Starting process 'C:\Users\NewportG\source\Azure\FunctionMonkey\FMLottery\FMLottery.CamalotTests\bin\Debug\netcoreapp3.1\fine-code-coverage\build-output\testhost.exe' with command line ' --runtimeconfig "C:\Users\NewportG\source\Azure\FunctionMonkey\FMLottery\FMLottery.CamalotTests\bin\Debug\netcoreapp3.1\fine-code-coverage\build-output\FMLottery.CamalotTests.runtimeconfig.json" --depsfile "C:\Users\NewportG\source\Azure\FunctionMonkey\FMLottery\FMLottery.CamalotTests\bin\Debug\netcoreapp3.1\fine-code-coverage\build-output\FMLottery.CamalotTests.deps.json" --port 25454 --endpoint 127.0.0.1:025454 --role client --parentprocessid 81736 --diag "C:\Users\NewportG\source\Azure\FunctionMonkey\FMLottery\FMLottery.CamalotTests\bin\Debug\netcoreapp3.1\fine-code-coverage\coverage-tool-output\diagnostics.host.21-11-04_15-52-50_08551_4.log" --tracelevel 4 --datacollectionport 25453 --telemetryoptedin false'
TpTrace Verbose: 0 : 81736, 6, 2021/11/04, 15:52:50.123, 245628825269, vstest.console.dll, Test Runtime launched
TpTrace Verbose: 0 : 81736, 4, 2021/11/04, 15:52:50.124, 245628837497, vstest.console.dll, TestRequestSender.WaitForRequestHandlerConnection: waiting for connection with timeout: 90000
TpTrace Verbose: 0 : 81736, 10, 2021/11/04, 15:52:50.878, 245636373655, vstest.console.dll, SocketServer.OnClientConnected: Client connected for endPoint: 127.0.0.1:25454, starting MessageLoopAsync:
TpTrace Verbose: 0 : 81736, 10, 2021/11/04, 15:52:50.878, 245636378864, vstest.console.dll, TcpClientExtensions.MessageLoopAsync: Polling on remoteEndPoint: 127.0.0.1:25455 localEndPoint: 127.0.0.1:25454
TpTrace Verbose: 0 : 81736, 10, 2021/11/04, 15:52:51.279, 245640388166, vstest.console.dll, TcpClientExtensions.MessageLoopAsync: NotifyDataAvailable remoteEndPoint: 127.0.0.1:25455 localEndPoint: 127.0.0.1:25454
TpTrace Verbose: 0 : 81736, 10, 2021/11/04, 15:52:51.280, 245640392489, vstest.console.dll, TestRequestSender.CheckVersionWithTestHost: onMessageReceived received message: (ProtocolVersion) -> 5
TpTrace Verbose: 0 : 81736, 10, 2021/11/04, 15:52:51.281, 245640399381, vstest.console.dll, TcpClientExtensions.MessageLoopAsync: Polling on remoteEndPoint: 127.0.0.1:25455 localEndPoint: 127.0.0.1:25454
TpTrace Verbose: 0 : 81736, 4, 2021/11/04, 15:52:51.281, 245640401090, vstest.console.dll, TestPluginCache.GetExtensionPaths: Filtered extension paths: 
TpTrace Verbose: 0 : 81736, 4, 2021/11/04, 15:52:51.281, 245640403603, vstest.console.dll, TestPluginCache.GetExtensionPaths: Added default extension paths: C:\Program Files\dotnet\sdk\5.0.401\Extensions\Microsoft.Diagnostics.NETCore.Client.dll
C:\Program Files\dotnet\sdk\5.0.401\Extensions\Microsoft.TestPlatform.Extensions.BlameDataCollector.dll
C:\Program Files\dotnet\sdk\5.0.401\Extensions\Microsoft.TestPlatform.Extensions.EventLogCollector.dll
C:\Program Files\dotnet\sdk\5.0.401\Extensions\Microsoft.TestPlatform.TestHostRuntimeProvider.dll
C:\Program Files\dotnet\sdk\5.0.401\Extensions\Microsoft.VisualStudio.TestPlatform.Extensions.Html.TestLogger.dll
C:\Program Files\dotnet\sdk\5.0.401\Extensions\Microsoft.VisualStudio.TestPlatform.Extensions.Trx.TestLogger.dll
TpTrace Verbose: 0 : 81736, 4, 2021/11/04, 15:52:51.281, 245640404719, vstest.console.dll, TestPluginCache.GetExtensionPaths: Added unfilterableExtensionPaths: 
TpTrace Verbose: 0 : 81736, 4, 2021/11/04, 15:52:51.287, 245640463931, vstest.console.dll, TestRequestSender.InitializeExecution: Sending initializing execution with message: {"Version":5,"MessageType":"TestExecution.Initialize","Payload":["C:\\Users\\NewportG\\source\\Azure\\FunctionMonkey\\FMLottery\\FMLottery.CamalotTests\\bin\\Debug\\netcoreapp3.1\\fine-code-coverage\\build-output\\Microsoft.VisualStudio.TestPlatform.MSTest.TestAdapter.dll"]}
TpTrace Verbose: 0 : 81736, 4, 2021/11/04, 15:52:51.301, 245640608752, vstest.console.dll, TestRequestSender.StartTestRun: Sending test run with message: {"Version":5,"MessageType":"TestExecution.StartWithSources","Payload":{"AdapterSourceMap":{"_none_":["C:\\Users\\NewportG\\source\\Azure\\FunctionMonkey\\FMLottery\\FMLottery.CamalotTests\\bin\\Debug\\netcoreapp3.1\\fine-code-coverage\\build-output\\FMLottery.CamalotTests.dll"]},"RunSettings":"<RunSettings>\r\n  <RunConfiguration>\r\n    <ResultsDirectory>C:\\Users\\NewportG\\source\\Azure\\FunctionMonkey\\FMLottery\\FMLottery.CamalotTests\\bin\\Debug\\netcoreapp3.1\\fine-code-coverage\\coverage-tool-output</ResultsDirectory>\r\n    <TargetPlatform>X64</TargetPlatform>\r\n    <TargetFrameworkVersion>.NETCoreApp,Version=v3.1</TargetFrameworkVersion>\r\n    <DesignMode>False</DesignMode>\r\n    <CollectSourceInformation>False</CollectSourceInformation>\r\n  </RunConfiguration>\r\n  <LoggerRunSettings>\r\n    <Loggers>\r\n      <Logger friendlyName=\"blame\" enabled=\"True\" />\r\n      <Logger friendlyName=\"Console\" uri=\"logger://microsoft/TestPlatform/ConsoleLogger/v1\" assemblyQualifiedName=\"Microsoft.VisualStudio.TestPlatform.CommandLine.Internal.ConsoleLogger, vstest.console, Version=15.0.0.0, Culture=neutral, PublicKeyToken=b03f5f7f11d50a3a\" codeBase=\"C:\\Program Files\\dotnet\\sdk\\5.0.401\\vstest.console.dll\" enabled=\"True\" />\r\n    </Loggers>\r\n  </LoggerRunSettings>\r\n  <DataCollectionRunSettings>\r\n    <DataCollectors>\r\n      <DataCollector friendlyName=\"blame\" enabled=\"True\">\r\n        <Configuration>\r\n          <ResultsDirectory>C:\\Users\\NewportG\\source\\Azure\\FunctionMonkey\\FMLottery\\FMLottery.CamalotTests\\bin\\Debug\\netcoreapp3.1\\fine-code-coverage\\coverage-tool-output</ResultsDirectory>\r\n        </Configuration>\r\n      </DataCollector>\r\n    </DataCollectors>\r\n  </DataCollectionRunSettings>\r\n</RunSettings>","TestExecutionContext":{"FrequencyOfRunStatsChangeEvent":10,"RunStatsChangeEventTimeout":"00:00:01.5000000","InIsolation":false,"KeepAlive":false,"AreTestCaseLevelEventsRequired":false,"IsDebug":false,"TestCaseFilter":null,"FilterOptions":null},"Package":null}}
TpTrace Verbose: 0 : 81736, 10, 2021/11/04, 15:52:51.302, 245640618093, vstest.console.dll, TcpClientExtensions.MessageLoopAsync: NotifyDataAvailable remoteEndPoint: 127.0.0.1:25455 localEndPoint: 127.0.0.1:25454
TpTrace Verbose: 0 : 81736, 10, 2021/11/04, 15:52:51.303, 245640621250, vstest.console.dll, TestRequestSender.OnExecutionMessageReceived: Received message: {"Version":5,"MessageType":"TestSession.Message","Payload":{"MessageLevel":0,"Message":"Logging TestHost Diagnostics in file: C:\\Users\\NewportG\\source\\Azure\\FunctionMonkey\\FMLottery\\FMLottery.CamalotTests\\bin\\Debug\\netcoreapp3.1\\fine-code-coverage\\coverage-tool-output\\diagnostics.host.21-11-04_15-52-50_08551_4.log"}}
TpTrace Verbose: 0 : 81736, 10, 2021/11/04, 15:52:51.310, 245640690429, vstest.console.dll, TestRunRequest:SendTestRunMessage: Starting.
TpTrace Information: 0 : 81736, 10, 2021/11/04, 15:52:51.310, 245640693142, vstest.console.dll, TestRunRequest:SendTestRunMessage: Completed.
TpTrace Verbose: 0 : 81736, 10, 2021/11/04, 15:52:51.310, 245640694771, vstest.console.dll, TcpClientExtensions.MessageLoopAsync: Polling on remoteEndPoint: 127.0.0.1:25455 localEndPoint: 127.0.0.1:25454
TpTrace Verbose: 0 : 81736, 10, 2021/11/04, 15:52:52.311, 245650700213, vstest.console.dll, TcpClientExtensions.MessageLoopAsync: Polling on remoteEndPoint: 127.0.0.1:25455 localEndPoint: 127.0.0.1:25454
TpTrace Verbose: 0 : 81736, 10, 2021/11/04, 15:52:53.010, 245657692855, vstest.console.dll, TcpClientExtensions.MessageLoopAsync: NotifyDataAvailable remoteEndPoint: 127.0.0.1:25455 localEndPoint: 127.0.0.1:25454
TpTrace Verbose: 0 : 81736, 10, 2021/11/04, 15:52:53.011, 245657700877, vstest.console.dll, TestRequestSender.OnExecutionMessageReceived: Received message: {"Version":5,"MessageType":"TestExecution.StatsChange","Payload":{"NewTestResults":[],"TestRunStatistics":{"ExecutedTests":0,"Stats":{}},"ActiveTests":[{"Id":"5c4142d0-bb1a-8b42-35d9-2ae6f1a24541","FullyQualifiedName":"FMLottery.CamalotTests.DrawHistoryFeature.GetThunderBallDrawHistory","DisplayName":"GetThunderBallDrawHistory","ExecutorUri":"executor://MSTestAdapter/v2","Source":"C:\\Users\\NewportG\\source\\Azure\\FunctionMonkey\\FMLottery\\FMLottery.CamalotTests\\bin\\Debug\\netcoreapp3.1\\fine-code-coverage\\build-output\\FMLottery.CamalotTests.dll","CodeFilePath":null,"LineNumber":-1,"Properties":[{"Key":{"Id":"TestCase.ManagedType","Label":"ManagedType","Category":"","Description":"","Attributes":1,"ValueType":"System.String"},"Value":"FMLottery.CamalotTests.DrawHistoryFeature"},{"Key":{"Id":"TestCase.ManagedMethod","Label":"ManagedMethod","Category":"","Description":"","Attributes":1,"ValueType":"System.String"},"Value":"GetThunderBallDrawHistory"},{"Key":{"Id":"MSTestDiscoverer.TestClassName","Label":"ClassName","Category":"","Description":"","Attributes":1,"ValueType":"System.String"},"Value":"FMLottery.CamalotTests.DrawHistoryFeature"},{"Key":{"Id":"TestCase.Hierarchy","Label":"Hierarchy","Category":"","Description":"","Attributes":2,"ValueType":"System.String[]"},"Value":["FMLottery.CamalotTests","DrawHistoryFeature"]},{"Key":{"Id":"MSTestDiscoverer.TestCategory","Label":"TestCategory","Category":"","Description":"","Attributes":5,"ValueType":"System.String[]"},"Value":["mytag"]},{"Key":{"Id":"TestObject.Traits","Label":"Traits","Category":"","Description":"","Attributes":5,"ValueType":"System.Collections.Generic.KeyValuePair`2[[System.String],[System.String]][]"},"Value":[{"Key":"FeatureTitle","Value":"DrawHistory"}]},{"Key":{"Id":"Description","Label":"Description","Category":"","Description":"","Attributes":1,"ValueType":"System.String"},"Value":"Get ThunderBall Draw History"}]}]}}
TpTrace Verbose: 0 : 81736, 10, 2021/11/04, 15:52:53.104, 245658634626, vstest.console.dll, TestRunRequest:SendTestRunStatsChange: Starting.
TpTrace Verbose: 0 : 81736, 10, 2021/11/04, 15:52:53.104, 245658637163, vstest.console.dll, InProgress is GetThunderBallDrawHistory
TpTrace Information: 0 : 81736, 10, 2021/11/04, 15:52:53.105, 245658639104, vstest.console.dll, TestRunRequest:SendTestRunStatsChange: Completed.
TpTrace Verbose: 0 : 81736, 10, 2021/11/04, 15:52:53.105, 245658641465, vstest.console.dll, TcpClientExtensions.MessageLoopAsync: Polling on remoteEndPoint: 127.0.0.1:25455 localEndPoint: 127.0.0.1:25454
TpTrace Verbose: 0 : 81736, 10, 2021/11/04, 15:52:53.809, 245665688455, vstest.console.dll, TcpClientExtensions.MessageLoopAsync: NotifyDataAvailable remoteEndPoint: 127.0.0.1:25455 localEndPoint: 127.0.0.1:25454
TpTrace Verbose: 0 : 81736, 10, 2021/11/04, 15:52:53.810, 245665691841, vstest.console.dll, TestRequestSender.OnExecutionMessageReceived: Received message: {"Version":5,"MessageType":"TestSession.Message","Payload":{"MessageLevel":0,"Message":"-> LivingDocPlugin: Output generated in: C:\\Users\\NewportG\\source\\Azure\\FunctionMonkey\\FMLottery\\FMLottery.CamalotTests\\bin\\Debug\\netcoreapp3.1\\fine-code-coverage\\build-output\\TestExecution.json\r\n"}}
TpTrace Verbose: 0 : 81736, 10, 2021/11/04, 15:52:53.810, 245665696018, vstest.console.dll, TestRunRequest:SendTestRunMessage: Starting.
TpTrace Information: 0 : 81736, 10, 2021/11/04, 15:52:53.810, 245665698217, vstest.console.dll, TestRunRequest:SendTestRunMessage: Completed.
TpTrace Verbose: 0 : 81736, 10, 2021/11/04, 15:52:53.811, 245665700510, vstest.console.dll, TcpClientExtensions.MessageLoopAsync: Polling on remoteEndPoint: 127.0.0.1:25455 localEndPoint: 127.0.0.1:25454
TpTrace Verbose: 0 : 81736, 10, 2021/11/04, 15:52:53.865, 245666244372, vstest.console.dll, TcpClientExtensions.MessageLoopAsync: NotifyDataAvailable remoteEndPoint: 127.0.0.1:25455 localEndPoint: 127.0.0.1:25454
TpTrace Verbose: 0 : 81736, 10, 2021/11/04, 15:52:53.865, 245666247897, vstest.console.dll, TestRequestSender.OnExecutionMessageReceived: Received message: {"Version":5,"MessageType":"TestExecution.Completed","Payload":{"TestRunCompleteArgs":{"TestRunStatistics":{"ExecutedTests":1,"Stats":{"Passed":1}},"IsCanceled":false,"IsAborted":false,"Error":null,"AttachmentSets":[],"ElapsedTimeInRunningTests":"00:00:02.2699737","Metrics":{}},"LastRunTests":{"NewTestResults":[{"TestCase":{"Id":"5c4142d0-bb1a-8b42-35d9-2ae6f1a24541","FullyQualifiedName":"FMLottery.CamalotTests.DrawHistoryFeature.GetThunderBallDrawHistory","DisplayName":"GetThunderBallDrawHistory","ExecutorUri":"executor://MSTestAdapter/v2","Source":"C:\\Users\\NewportG\\source\\Azure\\FunctionMonkey\\FMLottery\\FMLottery.CamalotTests\\bin\\Debug\\netcoreapp3.1\\fine-code-coverage\\build-output\\FMLottery.CamalotTests.dll","CodeFilePath":null,"LineNumber":-1,"Properties":[{"Key":{"Id":"TestCase.ManagedType","Label":"ManagedType","Category":"","Description":"","Attributes":1,"ValueType":"System.String"},"Value":"FMLottery.CamalotTests.DrawHistoryFeature"},{"Key":{"Id":"TestCase.ManagedMethod","Label":"ManagedMethod","Category":"","Description":"","Attributes":1,"ValueType":"System.String"},"Value":"GetThunderBallDrawHistory"},{"Key":{"Id":"MSTestDiscoverer.TestClassName","Label":"ClassName","Category":"","Description":"","Attributes":1,"ValueType":"System.String"},"Value":"FMLottery.CamalotTests.DrawHistoryFeature"},{"Key":{"Id":"TestCase.Hierarchy","Label":"Hierarchy","Category":"","Description":"","Attributes":2,"ValueType":"System.String[]"},"Value":["FMLottery.CamalotTests","DrawHistoryFeature"]},{"Key":{"Id":"MSTestDiscoverer.TestCategory","Label":"TestCategory","Category":"","Description":"","Attributes":5,"ValueType":"System.String[]"},"Value":["mytag"]},{"Key":{"Id":"TestObject.Traits","Label":"Traits","Category":"","Description":"","Attributes":5,"ValueType":"System.Collections.Generic.KeyValuePair`2[[System.String],[System.String]][]"},"Value":[{"Key":"FeatureTitle","Value":"DrawHistory"}]},{"Key":{"Id":"Description","Label":"Description","Category":"","Description":"","Attributes":1,"ValueType":"System.String"},"Value":"Get ThunderBall Draw History"}]},"Attachments":[],"Outcome":1,"ErrorMessage":null,"ErrorStackTrace":null,"DisplayName":"GetThunderBallDrawHistory","Messages":[{"Category":"StdOutMsgs","Text":"-> Loading plugin C:\\Users\\NewportG\\source\\Azure\\FunctionMonkey\\FMLottery\\FMLottery.CamalotTests\\bin\\Debug\\netcoreapp3.1\\fine-code-coverage\\build-output\\LivingDoc.SpecFlowPlugin.dll\r\n-> Loading plugin C:\\Users\\NewportG\\source\\Azure\\FunctionMonkey\\FMLottery\\FMLottery.CamalotTests\\bin\\Debug\\netcoreapp3.1\\fine-code-coverage\\build-output\\TechTalk.SpecFlow.MSTest.SpecFlowPlugin.dll\r\n-> Loading plugin C:\\Users\\NewportG\\source\\Azure\\FunctionMonkey\\FMLottery\\FMLottery.CamalotTests\\bin\\Debug\\netcoreapp3.1\\fine-code-coverage\\build-output\\FMLottery.CamalotTests.dll\r\n-> Using default config\r\nGiven I ama lottery application\r\n-> done: DrawHistorySteps.GivenIAmaLotteryApplication() (0.5s)\r\nWhen I make a request for lottery draw history\r\n-> done: DrawHistorySteps.WhenIMakeARequestForLotteryDrawHistory() (0.4s)\r\nThen Then I will have a List of lottery draws.\r\n-> done: DrawHistorySteps.ThenThenIWillHaveAListOfLotteryDraws_() (0.0s)\r\n"},{"Category":"StdOutMsgs","Text":"\n\nTestContext Messages:\nGiven I ama lottery application\r\n-> done: DrawHistorySteps.GivenIAmaLotteryApplication() (0.5s)\r\nWhen I make a request for lottery draw history\r\n-> done: DrawHistorySteps.WhenIMakeARequestForLotteryDrawHistory() (0.4s)\r\nThen Then I will have a List of lottery draws.\r\n-> done: DrawHistorySteps.ThenThenIWillHaveAListOfLotteryDraws_() (0.0s)\r\n"}],"ComputerName":null,"Duration":"00:00:00.9300831","StartTime":"2021-11-04T15:52:51.8747817+00:00","EndTime":"2021-11-04T15:52:53.3041919+00:00","Properties":[{"Key":{"Id":"ExecutionId","Label":"ExecutionId","Category":"","Description":"","Attributes":1,"ValueType":"System.Guid"},"Value":"00000000-0000-0000-0000-000000000000"},{"Key":{"Id":"ParentExecId","Label":"ParentExecId","Category":"","Description":"","Attributes":1,"ValueType":"System.Guid"},"Value":"00000000-0000-0000-0000-000000000000"},{"Key":{"Id":"InnerResultsCount","Label":"InnerResultsCount","Category":"","Description":"","Attributes":1,"ValueType":"System.Int32"},"Value":0}]}],"TestRunStatistics":{"ExecutedTests":1,"Stats":{"Passed":1}},"ActiveTests":[]},"RunAttachments":[],"ExecutorUris":["executor://mstestadapter/v2"]}}
TpTrace Verbose: 0 : 81736, 10, 2021/11/04, 15:52:53.866, 245666257976, vstest.console.dll, TestRequestSender.EndSession: Sending end session.
TpTrace Verbose: 0 : 81736, 10, 2021/11/04, 15:52:53.867, 245666262470, vstest.console.dll, ProxyOperationManager.Close: waiting for test host to exit for 100 ms
TpTrace Warning: 0 : 81736, 6, 2021/11/04, 15:52:53.905, 245666648161, vstest.console.dll, TestHostManagerCallbacks.ErrorReceivedCallback Test host standard error line: 
TpTrace Verbose: 0 : 81736, 7, 2021/11/04, 15:52:53.922, 245666814198, vstest.console.dll, TestHostProvider.ExitCallBack: Host exited starting callback.
TpTrace Information: 0 : 81736, 7, 2021/11/04, 15:52:53.923, 245666824511, vstest.console.dll, TestHostManagerCallbacks.ExitCallBack: Testhost processId: 88596 exited with exitcode: 0 error: ''
TpTrace Verbose: 0 : 81736, 7, 2021/11/04, 15:52:53.923, 245666828643, vstest.console.dll, DotnetTestHostManager.OnHostExited: invoking OnHostExited callback
TpTrace Verbose: 0 : 81736, 7, 2021/11/04, 15:52:53.924, 245666835244, vstest.console.dll, CrossPlatEngine.TestHostManagerHostExited: calling on client process exit callback.
TpTrace Information: 0 : 81736, 7, 2021/11/04, 15:52:53.924, 245666837514, vstest.console.dll, TestRequestSender.OnClientProcessExit: Test host process exited. Standard error: 
TpTrace Information: 0 : 81736, 7, 2021/11/04, 15:52:53.925, 245666842101, vstest.console.dll, SocketServer.Stop: Stop server endPoint: 127.0.0.1:25454
TpTrace Warning: 0 : 81736, 10, 2021/11/04, 15:52:53.924, 245666837495, vstest.console.dll, ProxyOperationManager: Timed out waiting for test host to exit. Will terminate process.
TpTrace Information: 0 : 81736, 7, 2021/11/04, 15:52:53.925, 245666844541, vstest.console.dll, SocketServer.Stop: Cancellation requested. Stopping message loop.
TpTrace Verbose: 0 : 81736, 10, 2021/11/04, 15:52:53.926, 245666858936, vstest.console.dll, ProxyDataCollectionManager.InvokeDataCollectionServiceAction: Starting.
TpTrace Information: 0 : 81736, 10, 2021/11/04, 15:52:53.927, 245666861288, vstest.console.dll, ProxyDataCollectionManager.AfterTestRunEnd: Get attachment set for datacollector processId: 65556 port: 25451
TpTrace Verbose: 0 : 81736, 10, 2021/11/04, 15:52:53.927, 245666863048, vstest.console.dll, DataCollectionRequestSender.SendAfterTestRunStartAndGetResult : Send AfterTestRunEnd message with isCancelled: False
TpTrace Verbose: 0 : 81736, 10, 2021/11/04, 15:52:53.933, 245666924302, vstest.console.dll, DataCollectionRequestSender.SendAfterTestRunStartAndGetResult : Received message: (DataCollection.AfterTestRunEndResult) -> {
  "AttachmentSets": [],
  "Metrics": {}
}
TpTrace Information: 0 : 81736, 10, 2021/11/04, 15:52:53.938, 245666974349, vstest.console.dll, ProxyDataCollectionManager.InvokeDataCollectionServiceAction: Completed.
TpTrace Warning: 0 : 81736, 9, 2021/11/04, 15:52:53.945, 245667046693, vstest.console.dll, DataCollectionLauncher.ErrorReceivedCallback datacollector standard error line: 
TpTrace Information: 0 : 81736, 7, 2021/11/04, 15:52:53.959, 245667181869, vstest.console.dll, DataCollectionLauncher.ExitCallBack: Data collector exited with exitcode: 0 error: ''
TpTrace Verbose: 0 : 81736, 10, 2021/11/04, 15:52:53.997, 245667568489, vstest.console.dll, TestRunRequest:SendTestRunStatsChange: Starting.
TpTrace Information: 0 : 81736, 10, 2021/11/04, 15:52:53.998, 245667578961, vstest.console.dll, TestRunRequest:SendTestRunStatsChange: Completed.
TpTrace Verbose: 0 : 81736, 10, 2021/11/04, 15:52:54.000, 245667593431, vstest.console.dll, ParallelProxyExecutionManager: HandlePartialRunComplete: Total completed clients = 1, Run complete = True, Run canceled: False.
TpTrace Verbose: 0 : 81736, 10, 2021/11/04, 15:52:54.036, 245667951411, vstest.console.dll, TestRunRequest:TestRunComplete: Starting. IsAborted:False IsCanceled:False.
TpTrace Verbose: 0 : 81736, 10, 2021/11/04, 15:52:54.036, 245667955621, vstest.console.dll, TestLoggerManager.HandleTestRunComplete: Ignoring as the object is disposed.
TpTrace Information: 0 : 81736, 10, 2021/11/04, 15:52:54.037, 245667961435, vstest.console.dll, TestRunRequest:TestRunComplete: Completed.
TpTrace Verbose: 0 : 81736, 1, 2021/11/04, 15:52:54.037, 245667961678, vstest.console.dll, TestRunRequest.Dispose: Starting.
TpTrace Verbose: 0 : 81736, 10, 2021/11/04, 15:52:54.037, 245667963629, vstest.console.dll, TestRequestSender.SetOperationComplete: Setting operation complete.
TpTrace Information: 0 : 81736, 1, 2021/11/04, 15:52:54.037, 245667966167, vstest.console.dll, TestRunRequest.Dispose: Completed.
TpTrace Information: 0 : 81736, 10, 2021/11/04, 15:52:54.037, 245667968184, vstest.console.dll, SocketServer.Stop: Stop server endPoint: 127.0.0.1:25454
TpTrace Information: 0 : 81736, 1, 2021/11/04, 15:52:54.038, 245667970638, vstest.console.dll, TestRequestManager.RunTests: run tests completed.
TpTrace Information: 0 : 81736, 10, 2021/11/04, 15:52:54.038, 245667972134, vstest.console.dll, SocketServer.Stop: Cancellation requested. Stopping message loop.
TpTrace Information: 0 : 81736, 1, 2021/11/04, 15:52:54.038, 245667975463, vstest.console.dll, RunTestsArgumentProcessor:Execute: Test run is completed.
TpTrace Information: 0 : 81736, 10, 2021/11/04, 15:52:54.038, 245667976645, vstest.console.dll, SocketServer.PrivateStop: Stop server endPoint: 127.0.0.1:25454 error: 
TpTrace Verbose: 0 : 81736, 1, 2021/11/04, 15:52:54.039, 245667980914, vstest.console.dll, Executor.Execute: Exiting with exit code of 0
